2025-07-20 09:08:13 info: ✅ Kết nối PostgreSQL với Sequelize thành công.
2025-07-20 09:08:13 info: ✅ Kết nối cơ sở dữ liệu thành công.
2025-07-20 09:08:13 info: ✅ Cấu hình Passport đã được tải.
2025-07-20 09:08:13 info: ✅ Passport has been configured.
2025-07-20 09:08:13 info: ✅ Middleware Morgan for HTTP request logging configured.
2025-07-20 09:08:13 info: ✅ Middleware Session and Passport have been configured.
2025-07-20 09:08:13 info: ✅ Router has been setup.
2025-07-20 09:08:13 info: ✅ Server is running on port 3000 (development environment)
2025-07-20 09:10:28 info: -----------------------------------------------------
2025-07-20 09:10:28 info: undefined
2025-07-20 09:10:28 info: -----------------------------------------------------
2025-07-20 09:10:28 info: ::1 - - [20/Jul/2025:02:10:28 +0000] "GET /auth/current-user HTTP/1.1" 401 97 "http://localhost:5000/" "Mozilla/5.0 (Windows NT 10.0; Win64; x64) AppleWebKit/537.36 (KHTML, like Gecko) Chrome/138.0.0.0 Safari/537.36"
2025-07-20 09:10:28 info: -----------------------------------------------------
2025-07-20 09:10:28 info: undefined
2025-07-20 09:10:28 info: -----------------------------------------------------
2025-07-20 09:10:28 info: ::1 - - [20/Jul/2025:02:10:28 +0000] "GET /auth/current-user HTTP/1.1" 401 97 "http://localhost:5000/" "Mozilla/5.0 (Windows NT 10.0; Win64; x64) AppleWebKit/537.36 (KHTML, like Gecko) Chrome/138.0.0.0 Safari/537.36"
2025-07-20 09:10:28 info: ::1 - - [20/Jul/2025:02:10:28 +0000] "POST /auth/refresh-token HTTP/1.1" 200 44 "http://localhost:5000/" "Mozilla/5.0 (Windows NT 10.0; Win64; x64) AppleWebKit/537.36 (KHTML, like Gecko) Chrome/138.0.0.0 Safari/537.36"
2025-07-20 09:10:28 info: -----------------------------------------------------
2025-07-20 09:10:28 info: eyJhbGciOiJIUzI1NiIsInR5cCI6IkpXVCJ9.eyJpZCI6IjdmZTJmOGZmLTM4NzAtNGU4MS05NmU1LTMyMGQ4NmRhNDY1NiIsInJvbGUiOiJhZG1pbiIsImlhdCI6MTc1Mjk3NzQyOCwiZXhwIjoxNzUyOTc4MzI4fQ.tBkdAHhBQRXrP6xWxni-O1pblBUDEgW6Z2WD317fK1o
2025-07-20 09:10:28 info: -----------------------------------------------------
2025-07-20 09:10:28 info: -----------------------------------------------------
2025-07-20 09:10:28 info: Người dùng đã xác thực: ID=undefined, Vai trò=undefined
2025-07-20 09:10:28 info: -----------------------------------------------------
2025-07-20 09:10:28 info: ::1 - - [20/Jul/2025:02:10:28 +0000] "GET /auth/current-user HTTP/1.1" 304 - "http://localhost:5000/" "Mozilla/5.0 (Windows NT 10.0; Win64; x64) AppleWebKit/537.36 (KHTML, like Gecko) Chrome/138.0.0.0 Safari/537.36"
2025-07-20 09:10:28 info: -----------------------------------------------------
2025-07-20 09:10:28 info: eyJhbGciOiJIUzI1NiIsInR5cCI6IkpXVCJ9.eyJpZCI6IjdmZTJmOGZmLTM4NzAtNGU4MS05NmU1LTMyMGQ4NmRhNDY1NiIsInJvbGUiOiJhZG1pbiIsImlhdCI6MTc1Mjk3NzQyOCwiZXhwIjoxNzUyOTc4MzI4fQ.tBkdAHhBQRXrP6xWxni-O1pblBUDEgW6Z2WD317fK1o
2025-07-20 09:10:28 info: -----------------------------------------------------
2025-07-20 09:10:28 info: -----------------------------------------------------
2025-07-20 09:10:28 info: Người dùng đã xác thực: ID=undefined, Vai trò=undefined
2025-07-20 09:10:28 info: -----------------------------------------------------
2025-07-20 09:10:28 info: ::1 - - [20/Jul/2025:02:10:28 +0000] "GET /auth/current-user HTTP/1.1" 304 - "http://localhost:5000/" "Mozilla/5.0 (Windows NT 10.0; Win64; x64) AppleWebKit/537.36 (KHTML, like Gecko) Chrome/138.0.0.0 Safari/537.36"
2025-07-20 09:10:41 info: ::1 - - [20/Jul/2025:02:10:41 +0000] "OPTIONS /auth/logout HTTP/1.1" 204 0 "http://localhost:5000/" "Mozilla/5.0 (Windows NT 10.0; Win64; x64) AppleWebKit/537.36 (KHTML, like Gecko) Chrome/138.0.0.0 Safari/537.36"
2025-07-20 09:10:41 info: -----------------------------------------------------
2025-07-20 09:10:41 info: eyJhbGciOiJIUzI1NiIsInR5cCI6IkpXVCJ9.eyJpZCI6IjdmZTJmOGZmLTM4NzAtNGU4MS05NmU1LTMyMGQ4NmRhNDY1NiIsInJvbGUiOiJhZG1pbiIsImlhdCI6MTc1Mjk3NzQyOCwiZXhwIjoxNzUyOTc4MzI4fQ.tBkdAHhBQRXrP6xWxni-O1pblBUDEgW6Z2WD317fK1o
2025-07-20 09:10:41 info: -----------------------------------------------------
2025-07-20 09:10:41 info: -----------------------------------------------------
2025-07-20 09:10:41 info: Người dùng đã xác thực: ID=undefined, Vai trò=undefined
2025-07-20 09:10:41 info: -----------------------------------------------------
2025-07-20 09:10:41 info: Người dùng đăng xuất thành công (không có refresh token trong cookie).
2025-07-20 09:10:41 info: ::1 - - [20/Jul/2025:02:10:41 +0000] "POST /auth/logout HTTP/1.1" 200 28 "http://localhost:5000/" "Mozilla/5.0 (Windows NT 10.0; Win64; x64) AppleWebKit/537.36 (KHTML, like Gecko) Chrome/138.0.0.0 Safari/537.36"
2025-07-20 09:11:51 info: ✅ Kết nối PostgreSQL với Sequelize thành công.
2025-07-20 09:11:51 info: ✅ Kết nối cơ sở dữ liệu thành công.
2025-07-20 09:11:51 info: ✅ Cấu hình Passport đã được tải.
2025-07-20 09:11:51 info: ✅ Passport has been configured.
2025-07-20 09:11:51 info: ✅ Middleware Morgan for HTTP request logging configured.
2025-07-20 09:11:51 info: ✅ Middleware Session and Passport have been configured.
2025-07-20 09:11:51 info: ✅ Router has been setup.
2025-07-20 09:11:51 info: ✅ Server is running on port 3000 (development environment)
2025-07-20 09:11:56 info: ✅ Kết nối PostgreSQL với Sequelize thành công.
2025-07-20 09:11:56 info: ✅ Kết nối cơ sở dữ liệu thành công.
2025-07-20 09:11:56 info: ✅ Cấu hình Passport đã được tải.
2025-07-20 09:11:56 info: ✅ Passport has been configured.
2025-07-20 09:11:56 info: ✅ Middleware Morgan for HTTP request logging configured.
2025-07-20 09:11:56 info: ✅ Middleware Session and Passport have been configured.
2025-07-20 09:11:56 info: ✅ Router has been setup.
2025-07-20 09:11:56 info: ✅ Server is running on port 3000 (development environment)
2025-07-20 09:12:01 info: ✅ Kết nối PostgreSQL với Sequelize thành công.
2025-07-20 09:12:01 info: ✅ Kết nối cơ sở dữ liệu thành công.
2025-07-20 09:12:01 info: ✅ Cấu hình Passport đã được tải.
2025-07-20 09:12:01 info: ✅ Passport has been configured.
2025-07-20 09:12:01 info: ✅ Middleware Morgan for HTTP request logging configured.
2025-07-20 09:12:01 info: ✅ Middleware Session and Passport have been configured.
2025-07-20 09:12:01 info: ✅ Router has been setup.
2025-07-20 09:12:01 info: ✅ Server is running on port 3000 (development environment)
2025-07-20 09:12:10 info: ✅ Kết nối PostgreSQL với Sequelize thành công.
2025-07-20 09:12:10 info: ✅ Kết nối cơ sở dữ liệu thành công.
2025-07-20 09:12:10 info: ✅ Cấu hình Passport đã được tải.
2025-07-20 09:12:10 info: ✅ Passport has been configured.
2025-07-20 09:12:10 info: ✅ Middleware Morgan for HTTP request logging configured.
2025-07-20 09:12:10 info: ✅ Middleware Session and Passport have been configured.
2025-07-20 09:12:10 info: ✅ Router has been setup.
2025-07-20 09:12:10 info: ✅ Server is running on port 3000 (development environment)
