2025-07-22 00:06:55 info: -----------------------------------------------------
2025-07-22 00:06:55 info: undefined
2025-07-22 00:06:55 info: -----------------------------------------------------
2025-07-22 00:06:55 info: ::1 - - [21/Jul/2025:17:06:55 +0000] "GET /auth/current-user HTTP/1.1" 401 108 "http://localhost:5000/" "Mozilla/5.0 (Windows NT 10.0; Win64; x64) AppleWebKit/537.36 (KHTML, like Gecko) Chrome/138.0.0.0 Safari/537.36"
2025-07-22 00:06:56 info: -----------------------------------------------------
2025-07-22 00:06:56 info: undefined
2025-07-22 00:06:56 info: -----------------------------------------------------
2025-07-22 00:06:56 info: ::1 - - [21/Jul/2025:17:06:56 +0000] "GET /auth/current-user HTTP/1.1" 401 108 "http://localhost:5000/" "Mozilla/5.0 (Windows NT 10.0; Win64; x64) AppleWebKit/537.36 (KHTML, like Gecko) Chrome/138.0.0.0 Safari/537.36"
2025-07-22 00:06:56 info: ::1 - - [21/Jul/2025:17:06:56 +0000] "POST /auth/refresh-token HTTP/1.1" 200 44 "http://localhost:5000/" "Mozilla/5.0 (Windows NT 10.0; Win64; x64) AppleWebKit/537.36 (KHTML, like Gecko) Chrome/138.0.0.0 Safari/537.36"
2025-07-22 00:06:56 info: -----------------------------------------------------
2025-07-22 00:06:56 info: eyJhbGciOiJIUzI1NiIsInR5cCI6IkpXVCJ9.eyJpZCI6IjdmZTJmOGZmLTM4NzAtNGU4MS05NmU1LTMyMGQ4NmRhNDY1NiIsInJvbGUiOiJhZG1pbiIsImlhdCI6MTc1MzExNzYxNiwiZXhwIjoxNzUzMTE4NTE2fQ.4kt2UaCKnXviiya9qb0mSymBR33ZV73NSK9xeEJx1gc
2025-07-22 00:06:56 info: -----------------------------------------------------
2025-07-22 00:06:56 info: -----------------------------------------------------
2025-07-22 00:06:56 info: Người dùng đã xác thực: ID=undefined, Vai trò=undefined
2025-07-22 00:06:56 info: -----------------------------------------------------
2025-07-22 00:06:56 info: ::1 - - [21/Jul/2025:17:06:56 +0000] "GET /auth/current-user HTTP/1.1" 304 - "http://localhost:5000/" "Mozilla/5.0 (Windows NT 10.0; Win64; x64) AppleWebKit/537.36 (KHTML, like Gecko) Chrome/138.0.0.0 Safari/537.36"
2025-07-22 00:06:56 info: -----------------------------------------------------
2025-07-22 00:06:56 info: eyJhbGciOiJIUzI1NiIsInR5cCI6IkpXVCJ9.eyJpZCI6IjdmZTJmOGZmLTM4NzAtNGU4MS05NmU1LTMyMGQ4NmRhNDY1NiIsInJvbGUiOiJhZG1pbiIsImlhdCI6MTc1MzExNzYxNiwiZXhwIjoxNzUzMTE4NTE2fQ.4kt2UaCKnXviiya9qb0mSymBR33ZV73NSK9xeEJx1gc
2025-07-22 00:06:56 info: -----------------------------------------------------
2025-07-22 00:06:56 info: -----------------------------------------------------
2025-07-22 00:06:56 info: Người dùng đã xác thực: ID=undefined, Vai trò=undefined
2025-07-22 00:06:56 info: -----------------------------------------------------
2025-07-22 00:06:56 info: ::1 - - [21/Jul/2025:17:06:56 +0000] "GET /auth/current-user HTTP/1.1" 304 - "http://localhost:5000/" "Mozilla/5.0 (Windows NT 10.0; Win64; x64) AppleWebKit/537.36 (KHTML, like Gecko) Chrome/138.0.0.0 Safari/537.36"
2025-07-22 00:09:33 info: -----------------------------------------------------
2025-07-22 00:09:33 info: eyJhbGciOiJIUzI1NiIsInR5cCI6IkpXVCJ9.eyJpZCI6IjdmZTJmOGZmLTM4NzAtNGU4MS05NmU1LTMyMGQ4NmRhNDY1NiIsInJvbGUiOiJhZG1pbiIsImlhdCI6MTc1MzExNzYxNiwiZXhwIjoxNzUzMTE4NTE2fQ.4kt2UaCKnXviiya9qb0mSymBR33ZV73NSK9xeEJx1gc
2025-07-22 00:09:33 info: -----------------------------------------------------
2025-07-22 00:09:33 info: -----------------------------------------------------
2025-07-22 00:09:33 info: Người dùng đã xác thực: ID=undefined, Vai trò=undefined
2025-07-22 00:09:33 info: -----------------------------------------------------
2025-07-22 00:09:33 info: ::1 - - [21/Jul/2025:17:09:33 +0000] "GET /auth/current-user HTTP/1.1" 304 - "http://localhost:5000/" "Mozilla/5.0 (Windows NT 10.0; Win64; x64) AppleWebKit/537.36 (KHTML, like Gecko) Chrome/138.0.0.0 Safari/537.36"
2025-07-22 00:09:33 info: -----------------------------------------------------
2025-07-22 00:09:33 info: eyJhbGciOiJIUzI1NiIsInR5cCI6IkpXVCJ9.eyJpZCI6IjdmZTJmOGZmLTM4NzAtNGU4MS05NmU1LTMyMGQ4NmRhNDY1NiIsInJvbGUiOiJhZG1pbiIsImlhdCI6MTc1MzExNzYxNiwiZXhwIjoxNzUzMTE4NTE2fQ.4kt2UaCKnXviiya9qb0mSymBR33ZV73NSK9xeEJx1gc
2025-07-22 00:09:33 info: -----------------------------------------------------
2025-07-22 00:09:33 info: -----------------------------------------------------
2025-07-22 00:09:33 info: Người dùng đã xác thực: ID=undefined, Vai trò=undefined
2025-07-22 00:09:33 info: -----------------------------------------------------
2025-07-22 00:09:33 info: ::1 - - [21/Jul/2025:17:09:33 +0000] "GET /auth/current-user HTTP/1.1" 304 - "http://localhost:5000/" "Mozilla/5.0 (Windows NT 10.0; Win64; x64) AppleWebKit/537.36 (KHTML, like Gecko) Chrome/138.0.0.0 Safari/537.36"
2025-07-22 00:13:34 info: -----------------------------------------------------
2025-07-22 00:13:34 info: eyJhbGciOiJIUzI1NiIsInR5cCI6IkpXVCJ9.eyJpZCI6IjdmZTJmOGZmLTM4NzAtNGU4MS05NmU1LTMyMGQ4NmRhNDY1NiIsInJvbGUiOiJhZG1pbiIsImlhdCI6MTc1MzExNzYxNiwiZXhwIjoxNzUzMTE4NTE2fQ.4kt2UaCKnXviiya9qb0mSymBR33ZV73NSK9xeEJx1gc
2025-07-22 00:13:34 info: -----------------------------------------------------
2025-07-22 00:13:34 info: -----------------------------------------------------
2025-07-22 00:13:34 info: Người dùng đã xác thực: ID=undefined, Vai trò=undefined
2025-07-22 00:13:34 info: -----------------------------------------------------
2025-07-22 00:13:34 info: ::1 - - [21/Jul/2025:17:13:34 +0000] "GET /auth/current-user HTTP/1.1" 304 - "http://localhost:5000/" "Mozilla/5.0 (Windows NT 10.0; Win64; x64) AppleWebKit/537.36 (KHTML, like Gecko) Chrome/138.0.0.0 Safari/537.36"
2025-07-22 00:13:34 info: -----------------------------------------------------
2025-07-22 00:13:34 info: eyJhbGciOiJIUzI1NiIsInR5cCI6IkpXVCJ9.eyJpZCI6IjdmZTJmOGZmLTM4NzAtNGU4MS05NmU1LTMyMGQ4NmRhNDY1NiIsInJvbGUiOiJhZG1pbiIsImlhdCI6MTc1MzExNzYxNiwiZXhwIjoxNzUzMTE4NTE2fQ.4kt2UaCKnXviiya9qb0mSymBR33ZV73NSK9xeEJx1gc
2025-07-22 00:13:34 info: -----------------------------------------------------
2025-07-22 00:13:34 info: -----------------------------------------------------
2025-07-22 00:13:34 info: Người dùng đã xác thực: ID=undefined, Vai trò=undefined
2025-07-22 00:13:34 info: -----------------------------------------------------
2025-07-22 00:13:34 info: ::1 - - [21/Jul/2025:17:13:34 +0000] "GET /auth/current-user HTTP/1.1" 304 - "http://localhost:5000/" "Mozilla/5.0 (Windows NT 10.0; Win64; x64) AppleWebKit/537.36 (KHTML, like Gecko) Chrome/138.0.0.0 Safari/537.36"
2025-07-22 00:13:49 info: ::1 - - [21/Jul/2025:17:13:49 +0000] "GET /api/lecturers/getAll HTTP/1.1" 304 - "http://localhost:5000/" "Mozilla/5.0 (Windows NT 10.0; Win64; x64) AppleWebKit/537.36 (KHTML, like Gecko) Chrome/138.0.0.0 Safari/537.36"
2025-07-22 00:13:49 info: ::1 - - [21/Jul/2025:17:13:49 +0000] "GET /api/lecturers/getAll HTTP/1.1" 304 - "http://localhost:5000/" "Mozilla/5.0 (Windows NT 10.0; Win64; x64) AppleWebKit/537.36 (KHTML, like Gecko) Chrome/138.0.0.0 Safari/537.36"
2025-07-22 00:19:21 info: -----------------------------------------------------
2025-07-22 00:19:21 info: eyJhbGciOiJIUzI1NiIsInR5cCI6IkpXVCJ9.eyJpZCI6IjdmZTJmOGZmLTM4NzAtNGU4MS05NmU1LTMyMGQ4NmRhNDY1NiIsInJvbGUiOiJhZG1pbiIsImlhdCI6MTc1MzExNzYxNiwiZXhwIjoxNzUzMTE4NTE2fQ.4kt2UaCKnXviiya9qb0mSymBR33ZV73NSK9xeEJx1gc
2025-07-22 00:19:21 info: -----------------------------------------------------
2025-07-22 00:19:21 info: -----------------------------------------------------
2025-07-22 00:19:21 info: Người dùng đã xác thực: ID=undefined, Vai trò=undefined
2025-07-22 00:19:22 info: -----------------------------------------------------
2025-07-22 00:19:22 info: ::1 - - [21/Jul/2025:17:19:22 +0000] "GET /auth/current-user HTTP/1.1" 304 - "http://localhost:5000/" "Mozilla/5.0 (Windows NT 10.0; Win64; x64) AppleWebKit/537.36 (KHTML, like Gecko) Chrome/138.0.0.0 Safari/537.36"
2025-07-22 00:19:22 info: -----------------------------------------------------
2025-07-22 00:19:22 info: eyJhbGciOiJIUzI1NiIsInR5cCI6IkpXVCJ9.eyJpZCI6IjdmZTJmOGZmLTM4NzAtNGU4MS05NmU1LTMyMGQ4NmRhNDY1NiIsInJvbGUiOiJhZG1pbiIsImlhdCI6MTc1MzExNzYxNiwiZXhwIjoxNzUzMTE4NTE2fQ.4kt2UaCKnXviiya9qb0mSymBR33ZV73NSK9xeEJx1gc
2025-07-22 00:19:22 info: -----------------------------------------------------
2025-07-22 00:19:22 info: -----------------------------------------------------
2025-07-22 00:19:22 info: Người dùng đã xác thực: ID=undefined, Vai trò=undefined
2025-07-22 00:19:22 info: -----------------------------------------------------
2025-07-22 00:19:22 info: ::1 - - [21/Jul/2025:17:19:22 +0000] "GET /auth/current-user HTTP/1.1" 304 - "http://localhost:5000/" "Mozilla/5.0 (Windows NT 10.0; Win64; x64) AppleWebKit/537.36 (KHTML, like Gecko) Chrome/138.0.0.0 Safari/537.36"
2025-07-22 00:19:43 info: -----------------------------------------------------
2025-07-22 00:19:43 info: eyJhbGciOiJIUzI1NiIsInR5cCI6IkpXVCJ9.eyJpZCI6IjdmZTJmOGZmLTM4NzAtNGU4MS05NmU1LTMyMGQ4NmRhNDY1NiIsInJvbGUiOiJhZG1pbiIsImlhdCI6MTc1MzExNzYxNiwiZXhwIjoxNzUzMTE4NTE2fQ.4kt2UaCKnXviiya9qb0mSymBR33ZV73NSK9xeEJx1gc
2025-07-22 00:19:43 info: -----------------------------------------------------
2025-07-22 00:19:43 info: -----------------------------------------------------
2025-07-22 00:19:43 info: Người dùng đã xác thực: ID=undefined, Vai trò=undefined
2025-07-22 00:19:43 info: -----------------------------------------------------
2025-07-22 00:19:43 info: ::1 - - [21/Jul/2025:17:19:43 +0000] "GET /auth/current-user HTTP/1.1" 304 - "http://localhost:5000/" "Mozilla/5.0 (Windows NT 10.0; Win64; x64) AppleWebKit/537.36 (KHTML, like Gecko) Chrome/138.0.0.0 Safari/537.36"
2025-07-22 00:19:43 info: -----------------------------------------------------
2025-07-22 00:19:43 info: eyJhbGciOiJIUzI1NiIsInR5cCI6IkpXVCJ9.eyJpZCI6IjdmZTJmOGZmLTM4NzAtNGU4MS05NmU1LTMyMGQ4NmRhNDY1NiIsInJvbGUiOiJhZG1pbiIsImlhdCI6MTc1MzExNzYxNiwiZXhwIjoxNzUzMTE4NTE2fQ.4kt2UaCKnXviiya9qb0mSymBR33ZV73NSK9xeEJx1gc
2025-07-22 00:19:43 info: -----------------------------------------------------
2025-07-22 00:19:43 info: -----------------------------------------------------
2025-07-22 00:19:43 info: Người dùng đã xác thực: ID=undefined, Vai trò=undefined
2025-07-22 00:19:43 info: -----------------------------------------------------
2025-07-22 00:19:43 info: ::1 - - [21/Jul/2025:17:19:43 +0000] "GET /auth/current-user HTTP/1.1" 304 - "http://localhost:5000/" "Mozilla/5.0 (Windows NT 10.0; Win64; x64) AppleWebKit/537.36 (KHTML, like Gecko) Chrome/138.0.0.0 Safari/537.36"
2025-07-22 00:19:46 info: -----------------------------------------------------
2025-07-22 00:19:46 info: eyJhbGciOiJIUzI1NiIsInR5cCI6IkpXVCJ9.eyJpZCI6IjdmZTJmOGZmLTM4NzAtNGU4MS05NmU1LTMyMGQ4NmRhNDY1NiIsInJvbGUiOiJhZG1pbiIsImlhdCI6MTc1MzExNzYxNiwiZXhwIjoxNzUzMTE4NTE2fQ.4kt2UaCKnXviiya9qb0mSymBR33ZV73NSK9xeEJx1gc
2025-07-22 00:19:46 info: -----------------------------------------------------
2025-07-22 00:19:46 info: -----------------------------------------------------
2025-07-22 00:19:46 info: Người dùng đã xác thực: ID=undefined, Vai trò=undefined
2025-07-22 00:19:46 info: -----------------------------------------------------
2025-07-22 00:19:46 info: ::1 - - [21/Jul/2025:17:19:46 +0000] "GET /auth/current-user HTTP/1.1" 304 - "http://localhost:5000/" "Mozilla/5.0 (Windows NT 10.0; Win64; x64) AppleWebKit/537.36 (KHTML, like Gecko) Chrome/138.0.0.0 Safari/537.36"
2025-07-22 00:19:46 info: -----------------------------------------------------
2025-07-22 00:19:46 info: eyJhbGciOiJIUzI1NiIsInR5cCI6IkpXVCJ9.eyJpZCI6IjdmZTJmOGZmLTM4NzAtNGU4MS05NmU1LTMyMGQ4NmRhNDY1NiIsInJvbGUiOiJhZG1pbiIsImlhdCI6MTc1MzExNzYxNiwiZXhwIjoxNzUzMTE4NTE2fQ.4kt2UaCKnXviiya9qb0mSymBR33ZV73NSK9xeEJx1gc
2025-07-22 00:19:46 info: -----------------------------------------------------
2025-07-22 00:19:46 info: -----------------------------------------------------
2025-07-22 00:19:46 info: Người dùng đã xác thực: ID=undefined, Vai trò=undefined
2025-07-22 00:19:46 info: -----------------------------------------------------
2025-07-22 00:19:46 info: ::1 - - [21/Jul/2025:17:19:46 +0000] "GET /auth/current-user HTTP/1.1" 304 - "http://localhost:5000/" "Mozilla/5.0 (Windows NT 10.0; Win64; x64) AppleWebKit/537.36 (KHTML, like Gecko) Chrome/138.0.0.0 Safari/537.36"
2025-07-22 00:19:54 info: -----------------------------------------------------
2025-07-22 00:19:54 info: eyJhbGciOiJIUzI1NiIsInR5cCI6IkpXVCJ9.eyJpZCI6IjdmZTJmOGZmLTM4NzAtNGU4MS05NmU1LTMyMGQ4NmRhNDY1NiIsInJvbGUiOiJhZG1pbiIsImlhdCI6MTc1MzExNzYxNiwiZXhwIjoxNzUzMTE4NTE2fQ.4kt2UaCKnXviiya9qb0mSymBR33ZV73NSK9xeEJx1gc
2025-07-22 00:19:54 info: -----------------------------------------------------
2025-07-22 00:19:54 info: -----------------------------------------------------
2025-07-22 00:19:54 info: Người dùng đã xác thực: ID=undefined, Vai trò=undefined
2025-07-22 00:19:54 info: -----------------------------------------------------
2025-07-22 00:19:54 info: ::1 - - [21/Jul/2025:17:19:54 +0000] "GET /auth/current-user HTTP/1.1" 304 - "http://localhost:5000/" "Mozilla/5.0 (Windows NT 10.0; Win64; x64) AppleWebKit/537.36 (KHTML, like Gecko) Chrome/138.0.0.0 Safari/537.36"
2025-07-22 00:19:54 info: -----------------------------------------------------
2025-07-22 00:19:54 info: eyJhbGciOiJIUzI1NiIsInR5cCI6IkpXVCJ9.eyJpZCI6IjdmZTJmOGZmLTM4NzAtNGU4MS05NmU1LTMyMGQ4NmRhNDY1NiIsInJvbGUiOiJhZG1pbiIsImlhdCI6MTc1MzExNzYxNiwiZXhwIjoxNzUzMTE4NTE2fQ.4kt2UaCKnXviiya9qb0mSymBR33ZV73NSK9xeEJx1gc
2025-07-22 00:19:54 info: -----------------------------------------------------
2025-07-22 00:19:54 info: -----------------------------------------------------
2025-07-22 00:19:54 info: Người dùng đã xác thực: ID=undefined, Vai trò=undefined
2025-07-22 00:19:54 info: -----------------------------------------------------
2025-07-22 00:19:54 info: ::1 - - [21/Jul/2025:17:19:54 +0000] "GET /auth/current-user HTTP/1.1" 304 - "http://localhost:5000/" "Mozilla/5.0 (Windows NT 10.0; Win64; x64) AppleWebKit/537.36 (KHTML, like Gecko) Chrome/138.0.0.0 Safari/537.36"
