2025-07-18 07:51:54 info: ✅ Kết nối PostgreSQL với Sequelize thành công.
2025-07-18 07:51:54 info: ✅ Kết nối cơ sở dữ liệu thành công.
2025-07-18 07:51:54 info: ✅ Cấu hình Passport đã được tải.
2025-07-18 07:51:54 info: ✅ Passport has been configured.
2025-07-18 07:51:54 info: ✅ Middleware Morgan for HTTP request logging configured.
2025-07-18 07:51:54 info: ✅ Middleware Session and Passport have been configured.
2025-07-18 07:51:54 info: ✅ Router has been setup.
2025-07-18 07:51:54 info: ✅ Server is running on port 3000 (development environment)
2025-07-18 07:53:40 info: ✅ Kết nối PostgreSQL với Sequelize thành công.
2025-07-18 07:53:40 info: ✅ Kết nối cơ sở dữ liệu thành công.
2025-07-18 07:53:40 info: ✅ Cấu hình Passport đã được tải.
2025-07-18 07:53:40 info: ✅ Passport has been configured.
2025-07-18 07:53:40 info: ✅ Middleware Morgan for HTTP request logging configured.
2025-07-18 07:53:40 info: ✅ Middleware Session and Passport have been configured.
2025-07-18 07:53:40 info: ✅ Router has been setup.
2025-07-18 07:53:40 info: ✅ Server is running on port 3000 (development environment)
2025-07-18 07:53:42 info: ✅ Kết nối PostgreSQL với Sequelize thành công.
2025-07-18 07:53:42 info: ✅ Kết nối cơ sở dữ liệu thành công.
2025-07-18 07:53:42 info: ✅ Cấu hình Passport đã được tải.
2025-07-18 07:53:42 info: ✅ Passport has been configured.
2025-07-18 07:53:42 info: ✅ Middleware Morgan for HTTP request logging configured.
2025-07-18 07:53:42 info: ✅ Middleware Session and Passport have been configured.
2025-07-18 07:53:42 info: ✅ Router has been setup.
2025-07-18 07:53:42 info: ✅ Server is running on port 3000 (development environment)
2025-07-18 07:53:45 info: ✅ Kết nối PostgreSQL với Sequelize thành công.
2025-07-18 07:53:45 info: ✅ Kết nối cơ sở dữ liệu thành công.
2025-07-18 07:53:45 info: ✅ Cấu hình Passport đã được tải.
2025-07-18 07:53:45 info: ✅ Passport has been configured.
2025-07-18 07:53:45 info: ✅ Middleware Morgan for HTTP request logging configured.
2025-07-18 07:53:45 info: ✅ Middleware Session and Passport have been configured.
2025-07-18 07:53:45 info: ✅ Router has been setup.
2025-07-18 07:53:45 info: ✅ Server is running on port 3000 (development environment)
2025-07-18 07:53:51 info: ✅ Kết nối PostgreSQL với Sequelize thành công.
2025-07-18 07:53:51 info: ✅ Kết nối cơ sở dữ liệu thành công.
2025-07-18 07:53:51 info: ✅ Cấu hình Passport đã được tải.
2025-07-18 07:53:51 info: ✅ Passport has been configured.
2025-07-18 07:53:51 info: ✅ Middleware Morgan for HTTP request logging configured.
2025-07-18 07:53:51 info: ✅ Middleware Session and Passport have been configured.
2025-07-18 07:53:51 info: ✅ Router has been setup.
2025-07-18 07:53:51 info: ✅ Server is running on port 3000 (development environment)
2025-07-18 07:53:54 info: ✅ Kết nối PostgreSQL với Sequelize thành công.
2025-07-18 07:53:54 info: ✅ Kết nối cơ sở dữ liệu thành công.
2025-07-18 07:53:54 info: ✅ Cấu hình Passport đã được tải.
2025-07-18 07:53:54 info: ✅ Passport has been configured.
2025-07-18 07:53:54 info: ✅ Middleware Morgan for HTTP request logging configured.
2025-07-18 07:53:54 info: ✅ Middleware Session and Passport have been configured.
2025-07-18 07:53:54 info: ✅ Router has been setup.
2025-07-18 07:53:54 info: ✅ Server is running on port 3000 (development environment)
2025-07-18 07:53:58 info: ✅ Kết nối PostgreSQL với Sequelize thành công.
2025-07-18 07:53:58 info: ✅ Kết nối cơ sở dữ liệu thành công.
2025-07-18 07:53:58 info: ✅ Cấu hình Passport đã được tải.
2025-07-18 07:53:58 info: ✅ Passport has been configured.
2025-07-18 07:53:58 info: ✅ Middleware Morgan for HTTP request logging configured.
2025-07-18 07:53:58 info: ✅ Middleware Session and Passport have been configured.
2025-07-18 07:53:58 info: ✅ Router has been setup.
2025-07-18 07:53:58 info: ✅ Server is running on port 3000 (development environment)
2025-07-18 07:54:01 info: ✅ Kết nối PostgreSQL với Sequelize thành công.
2025-07-18 07:54:01 info: ✅ Kết nối cơ sở dữ liệu thành công.
2025-07-18 07:54:01 info: ✅ Cấu hình Passport đã được tải.
2025-07-18 07:54:01 info: ✅ Passport has been configured.
2025-07-18 07:54:01 info: ✅ Middleware Morgan for HTTP request logging configured.
2025-07-18 07:54:01 info: ✅ Middleware Session and Passport have been configured.
2025-07-18 07:54:01 info: ✅ Router has been setup.
2025-07-18 07:54:01 info: ✅ Server is running on port 3000 (development environment)
2025-07-18 07:54:05 info: ✅ Kết nối PostgreSQL với Sequelize thành công.
2025-07-18 07:54:05 info: ✅ Kết nối cơ sở dữ liệu thành công.
2025-07-18 07:54:05 info: ✅ Cấu hình Passport đã được tải.
2025-07-18 07:54:05 info: ✅ Passport has been configured.
2025-07-18 07:54:05 info: ✅ Middleware Morgan for HTTP request logging configured.
2025-07-18 07:54:05 info: ✅ Middleware Session and Passport have been configured.
2025-07-18 07:54:05 info: ✅ Router has been setup.
2025-07-18 07:54:05 info: ✅ Server is running on port 3000 (development environment)
2025-07-18 07:55:55 info: ✅ Kết nối PostgreSQL với Sequelize thành công.
2025-07-18 07:55:55 info: ✅ Kết nối cơ sở dữ liệu thành công.
2025-07-18 07:55:55 info: ✅ Cấu hình Passport đã được tải.
2025-07-18 07:55:55 info: ✅ Passport has been configured.
2025-07-18 07:55:55 info: ✅ Middleware Morgan for HTTP request logging configured.
2025-07-18 07:55:55 info: ✅ Middleware Session and Passport have been configured.
2025-07-18 07:55:55 info: ✅ Router has been setup.
2025-07-18 07:55:55 info: ✅ Server is running on port 3000 (development environment)
2025-07-18 07:56:03 info: ✅ Kết nối PostgreSQL với Sequelize thành công.
2025-07-18 07:56:03 info: ✅ Kết nối cơ sở dữ liệu thành công.
2025-07-18 07:56:03 info: ✅ Cấu hình Passport đã được tải.
2025-07-18 07:56:03 info: ✅ Passport has been configured.
2025-07-18 07:56:03 info: ✅ Middleware Morgan for HTTP request logging configured.
2025-07-18 07:56:03 info: ✅ Middleware Session and Passport have been configured.
2025-07-18 07:56:03 info: ✅ Router has been setup.
2025-07-18 07:56:03 info: ✅ Server is running on port 3000 (development environment)
2025-07-18 07:56:09 info: ✅ Kết nối PostgreSQL với Sequelize thành công.
2025-07-18 07:56:09 info: ✅ Kết nối cơ sở dữ liệu thành công.
2025-07-18 07:56:09 info: ✅ Cấu hình Passport đã được tải.
2025-07-18 07:56:09 info: ✅ Passport has been configured.
2025-07-18 07:56:09 info: ✅ Middleware Morgan for HTTP request logging configured.
2025-07-18 07:56:09 info: ✅ Middleware Session and Passport have been configured.
2025-07-18 07:56:09 info: ✅ Router has been setup.
2025-07-18 07:56:09 info: ✅ Server is running on port 3000 (development environment)
2025-07-18 07:58:23 info: ✅ Kết nối PostgreSQL với Sequelize thành công.
2025-07-18 07:58:23 info: ✅ Kết nối cơ sở dữ liệu thành công.
2025-07-18 07:58:23 info: ✅ Cấu hình Passport đã được tải.
2025-07-18 07:58:23 info: ✅ Passport has been configured.
2025-07-18 07:58:23 info: ✅ Middleware Morgan for HTTP request logging configured.
2025-07-18 07:58:23 info: ✅ Middleware Session and Passport have been configured.
2025-07-18 07:58:23 info: ✅ Router has been setup.
2025-07-18 07:58:23 info: ✅ Server is running on port 3000 (development environment)
2025-07-18 07:58:26 info: ✅ Kết nối PostgreSQL với Sequelize thành công.
2025-07-18 07:58:26 info: ✅ Kết nối cơ sở dữ liệu thành công.
2025-07-18 07:58:26 info: ✅ Cấu hình Passport đã được tải.
2025-07-18 07:58:26 info: ✅ Passport has been configured.
2025-07-18 07:58:26 info: ✅ Middleware Morgan for HTTP request logging configured.
2025-07-18 07:58:26 info: ✅ Middleware Session and Passport have been configured.
2025-07-18 07:58:26 info: ✅ Router has been setup.
2025-07-18 07:58:26 info: ✅ Server is running on port 3000 (development environment)
2025-07-18 07:58:32 info: ✅ Kết nối PostgreSQL với Sequelize thành công.
2025-07-18 07:58:32 info: ✅ Kết nối cơ sở dữ liệu thành công.
2025-07-18 07:58:32 info: ✅ Cấu hình Passport đã được tải.
2025-07-18 07:58:32 info: ✅ Passport has been configured.
2025-07-18 07:58:32 info: ✅ Middleware Morgan for HTTP request logging configured.
2025-07-18 07:58:32 info: ✅ Middleware Session and Passport have been configured.
2025-07-18 07:58:32 info: ✅ Router has been setup.
2025-07-18 07:58:32 info: ✅ Server is running on port 3000 (development environment)
2025-07-18 07:58:36 info: ✅ Kết nối PostgreSQL với Sequelize thành công.
2025-07-18 07:58:36 info: ✅ Kết nối cơ sở dữ liệu thành công.
2025-07-18 07:58:36 info: ✅ Cấu hình Passport đã được tải.
2025-07-18 07:58:36 info: ✅ Passport has been configured.
2025-07-18 07:58:36 info: ✅ Middleware Morgan for HTTP request logging configured.
2025-07-18 07:58:36 info: ✅ Middleware Session and Passport have been configured.
2025-07-18 07:58:36 info: ✅ Router has been setup.
2025-07-18 07:58:36 info: ✅ Server is running on port 3000 (development environment)
2025-07-18 07:59:05 info: ✅ Kết nối PostgreSQL với Sequelize thành công.
2025-07-18 07:59:05 info: ✅ Kết nối cơ sở dữ liệu thành công.
2025-07-18 07:59:05 info: ✅ Cấu hình Passport đã được tải.
2025-07-18 07:59:05 info: ✅ Passport has been configured.
2025-07-18 07:59:05 info: ✅ Middleware Morgan for HTTP request logging configured.
2025-07-18 07:59:05 info: ✅ Middleware Session and Passport have been configured.
2025-07-18 07:59:05 info: ✅ Router has been setup.
2025-07-18 07:59:05 info: ✅ Server is running on port 3000 (development environment)
2025-07-18 07:59:08 info: ✅ Kết nối PostgreSQL với Sequelize thành công.
2025-07-18 07:59:08 info: ✅ Kết nối cơ sở dữ liệu thành công.
2025-07-18 07:59:08 info: ✅ Cấu hình Passport đã được tải.
2025-07-18 07:59:08 info: ✅ Passport has been configured.
2025-07-18 07:59:08 info: ✅ Middleware Morgan for HTTP request logging configured.
2025-07-18 07:59:08 info: ✅ Middleware Session and Passport have been configured.
2025-07-18 07:59:08 info: ✅ Router has been setup.
2025-07-18 07:59:08 info: ✅ Server is running on port 3000 (development environment)
2025-07-18 07:59:33 info: ✅ Kết nối PostgreSQL với Sequelize thành công.
2025-07-18 07:59:33 info: ✅ Kết nối cơ sở dữ liệu thành công.
2025-07-18 07:59:33 info: ✅ Cấu hình Passport đã được tải.
2025-07-18 07:59:33 info: ✅ Passport has been configured.
2025-07-18 07:59:33 info: ✅ Middleware Morgan for HTTP request logging configured.
2025-07-18 07:59:33 info: ✅ Middleware Session and Passport have been configured.
2025-07-18 07:59:33 info: ✅ Router has been setup.
2025-07-18 07:59:33 info: ✅ Server is running on port 3000 (development environment)
2025-07-18 07:59:39 info: ✅ Kết nối PostgreSQL với Sequelize thành công.
2025-07-18 07:59:39 info: ✅ Kết nối cơ sở dữ liệu thành công.
2025-07-18 07:59:39 info: ✅ Cấu hình Passport đã được tải.
2025-07-18 07:59:39 info: ✅ Passport has been configured.
2025-07-18 07:59:39 info: ✅ Middleware Morgan for HTTP request logging configured.
2025-07-18 07:59:39 info: ✅ Middleware Session and Passport have been configured.
2025-07-18 07:59:39 info: ✅ Router has been setup.
2025-07-18 07:59:39 info: ✅ Server is running on port 3000 (development environment)
2025-07-18 07:59:57 info: ✅ Kết nối PostgreSQL với Sequelize thành công.
2025-07-18 07:59:57 info: ✅ Kết nối cơ sở dữ liệu thành công.
2025-07-18 07:59:57 info: ✅ Cấu hình Passport đã được tải.
2025-07-18 07:59:57 info: ✅ Passport has been configured.
2025-07-18 07:59:57 info: ✅ Middleware Morgan for HTTP request logging configured.
2025-07-18 07:59:57 info: ✅ Middleware Session and Passport have been configured.
2025-07-18 07:59:57 info: ✅ Router has been setup.
2025-07-18 07:59:57 info: ✅ Server is running on port 3000 (development environment)
2025-07-18 08:00:04 info: ✅ Kết nối PostgreSQL với Sequelize thành công.
2025-07-18 08:00:04 info: ✅ Kết nối cơ sở dữ liệu thành công.
2025-07-18 08:00:04 info: ✅ Cấu hình Passport đã được tải.
2025-07-18 08:00:04 info: ✅ Passport has been configured.
2025-07-18 08:00:04 info: ✅ Middleware Morgan for HTTP request logging configured.
2025-07-18 08:00:04 info: ✅ Middleware Session and Passport have been configured.
2025-07-18 08:00:04 info: ✅ Router has been setup.
2025-07-18 08:00:04 info: ✅ Server is running on port 3000 (development environment)
2025-07-18 08:00:40 info: ✅ Kết nối PostgreSQL với Sequelize thành công.
2025-07-18 08:00:40 info: ✅ Kết nối cơ sở dữ liệu thành công.
2025-07-18 08:00:40 info: ✅ Cấu hình Passport đã được tải.
2025-07-18 08:00:40 info: ✅ Passport has been configured.
2025-07-18 08:00:40 info: ✅ Middleware Morgan for HTTP request logging configured.
2025-07-18 08:00:40 info: ✅ Middleware Session and Passport have been configured.
2025-07-18 08:00:40 info: ✅ Router has been setup.
2025-07-18 08:00:40 info: ✅ Server is running on port 3000 (development environment)
2025-07-18 08:00:43 info: ✅ Kết nối PostgreSQL với Sequelize thành công.
2025-07-18 08:00:43 info: ✅ Kết nối cơ sở dữ liệu thành công.
2025-07-18 08:00:43 info: ✅ Cấu hình Passport đã được tải.
2025-07-18 08:00:43 info: ✅ Passport has been configured.
2025-07-18 08:00:43 info: ✅ Middleware Morgan for HTTP request logging configured.
2025-07-18 08:00:43 info: ✅ Middleware Session and Passport have been configured.
2025-07-18 08:00:43 info: ✅ Router has been setup.
2025-07-18 08:00:43 info: ✅ Server is running on port 3000 (development environment)
2025-07-18 08:00:47 info: ✅ Kết nối PostgreSQL với Sequelize thành công.
2025-07-18 08:00:47 info: ✅ Kết nối cơ sở dữ liệu thành công.
2025-07-18 08:00:47 info: ✅ Cấu hình Passport đã được tải.
2025-07-18 08:00:47 info: ✅ Passport has been configured.
2025-07-18 08:00:47 info: ✅ Middleware Morgan for HTTP request logging configured.
2025-07-18 08:00:47 info: ✅ Middleware Session and Passport have been configured.
2025-07-18 08:00:47 info: ✅ Router has been setup.
2025-07-18 08:00:47 info: ✅ Server is running on port 3000 (development environment)
2025-07-18 08:01:13 info: ✅ Kết nối PostgreSQL với Sequelize thành công.
2025-07-18 08:01:13 info: ✅ Kết nối cơ sở dữ liệu thành công.
2025-07-18 08:01:13 info: ✅ Cấu hình Passport đã được tải.
2025-07-18 08:01:13 info: ✅ Passport has been configured.
2025-07-18 08:01:13 info: ✅ Middleware Morgan for HTTP request logging configured.
2025-07-18 08:01:13 info: ✅ Middleware Session and Passport have been configured.
2025-07-18 08:01:13 info: ✅ Router has been setup.
2025-07-18 08:01:13 info: ✅ Server is running on port 3000 (development environment)
2025-07-18 08:01:20 info: ✅ Kết nối PostgreSQL với Sequelize thành công.
2025-07-18 08:01:20 info: ✅ Kết nối cơ sở dữ liệu thành công.
2025-07-18 08:01:20 info: ✅ Cấu hình Passport đã được tải.
2025-07-18 08:01:20 info: ✅ Passport has been configured.
2025-07-18 08:01:20 info: ✅ Middleware Morgan for HTTP request logging configured.
2025-07-18 08:01:20 info: ✅ Middleware Session and Passport have been configured.
2025-07-18 08:01:20 info: ✅ Router has been setup.
2025-07-18 08:01:20 info: ✅ Server is running on port 3000 (development environment)
2025-07-18 08:01:27 info: ✅ Kết nối PostgreSQL với Sequelize thành công.
2025-07-18 08:01:27 info: ✅ Kết nối cơ sở dữ liệu thành công.
2025-07-18 08:01:27 info: ✅ Cấu hình Passport đã được tải.
2025-07-18 08:01:27 info: ✅ Passport has been configured.
2025-07-18 08:01:27 info: ✅ Middleware Morgan for HTTP request logging configured.
2025-07-18 08:01:27 info: ✅ Middleware Session and Passport have been configured.
2025-07-18 08:01:27 info: ✅ Router has been setup.
2025-07-18 08:01:27 info: ✅ Server is running on port 3000 (development environment)
2025-07-18 08:01:32 info: ✅ Kết nối PostgreSQL với Sequelize thành công.
2025-07-18 08:01:32 info: ✅ Kết nối cơ sở dữ liệu thành công.
2025-07-18 08:01:32 info: ✅ Cấu hình Passport đã được tải.
2025-07-18 08:01:32 info: ✅ Passport has been configured.
2025-07-18 08:01:32 info: ✅ Middleware Morgan for HTTP request logging configured.
2025-07-18 08:01:32 info: ✅ Middleware Session and Passport have been configured.
2025-07-18 08:01:32 info: ✅ Router has been setup.
2025-07-18 08:01:32 info: ✅ Server is running on port 3000 (development environment)
2025-07-18 08:01:59 info: ✅ Kết nối PostgreSQL với Sequelize thành công.
2025-07-18 08:01:59 info: ✅ Kết nối cơ sở dữ liệu thành công.
2025-07-18 08:01:59 info: ✅ Cấu hình Passport đã được tải.
2025-07-18 08:01:59 info: ✅ Passport has been configured.
2025-07-18 08:01:59 info: ✅ Middleware Morgan for HTTP request logging configured.
2025-07-18 08:01:59 info: ✅ Middleware Session and Passport have been configured.
2025-07-18 08:01:59 info: ✅ Router has been setup.
2025-07-18 08:01:59 info: ✅ Server is running on port 3000 (development environment)
2025-07-18 08:02:03 info: ✅ Kết nối PostgreSQL với Sequelize thành công.
2025-07-18 08:02:03 info: ✅ Kết nối cơ sở dữ liệu thành công.
2025-07-18 08:02:03 info: ✅ Cấu hình Passport đã được tải.
2025-07-18 08:02:03 info: ✅ Passport has been configured.
2025-07-18 08:02:03 info: ✅ Middleware Morgan for HTTP request logging configured.
2025-07-18 08:02:03 info: ✅ Middleware Session and Passport have been configured.
2025-07-18 08:02:03 info: ✅ Router has been setup.
2025-07-18 08:02:03 info: ✅ Server is running on port 3000 (development environment)
2025-07-18 08:02:27 info: ✅ Kết nối PostgreSQL với Sequelize thành công.
2025-07-18 08:02:27 info: ✅ Kết nối cơ sở dữ liệu thành công.
2025-07-18 08:02:27 info: ✅ Cấu hình Passport đã được tải.
2025-07-18 08:02:27 info: ✅ Passport has been configured.
2025-07-18 08:02:27 info: ✅ Middleware Morgan for HTTP request logging configured.
2025-07-18 08:02:27 info: ✅ Middleware Session and Passport have been configured.
2025-07-18 08:02:27 info: ✅ Router has been setup.
2025-07-18 08:02:27 info: ✅ Server is running on port 3000 (development environment)
2025-07-18 08:02:33 info: ✅ Kết nối PostgreSQL với Sequelize thành công.
2025-07-18 08:02:33 info: ✅ Kết nối cơ sở dữ liệu thành công.
2025-07-18 08:02:33 info: ✅ Cấu hình Passport đã được tải.
2025-07-18 08:02:33 info: ✅ Passport has been configured.
2025-07-18 08:02:33 info: ✅ Middleware Morgan for HTTP request logging configured.
2025-07-18 08:02:33 info: ✅ Middleware Session and Passport have been configured.
2025-07-18 08:02:33 info: ✅ Router has been setup.
2025-07-18 08:02:33 info: ✅ Server is running on port 3000 (development environment)
2025-07-18 08:02:38 info: ✅ Kết nối PostgreSQL với Sequelize thành công.
2025-07-18 08:02:38 info: ✅ Kết nối cơ sở dữ liệu thành công.
2025-07-18 08:02:38 info: ✅ Cấu hình Passport đã được tải.
2025-07-18 08:02:38 info: ✅ Passport has been configured.
2025-07-18 08:02:38 info: ✅ Middleware Morgan for HTTP request logging configured.
2025-07-18 08:02:38 info: ✅ Middleware Session and Passport have been configured.
2025-07-18 08:02:38 info: ✅ Router has been setup.
2025-07-18 08:02:38 info: ✅ Server is running on port 3000 (development environment)
2025-07-18 08:02:44 info: ✅ Kết nối PostgreSQL với Sequelize thành công.
2025-07-18 08:02:44 info: ✅ Kết nối cơ sở dữ liệu thành công.
2025-07-18 08:02:44 info: ✅ Cấu hình Passport đã được tải.
2025-07-18 08:02:44 info: ✅ Passport has been configured.
2025-07-18 08:02:44 info: ✅ Middleware Morgan for HTTP request logging configured.
2025-07-18 08:02:44 info: ✅ Middleware Session and Passport have been configured.
2025-07-18 08:02:44 info: ✅ Router has been setup.
2025-07-18 08:02:44 info: ✅ Server is running on port 3000 (development environment)
2025-07-18 08:02:49 info: ✅ Kết nối PostgreSQL với Sequelize thành công.
2025-07-18 08:02:49 info: ✅ Kết nối cơ sở dữ liệu thành công.
2025-07-18 08:02:49 info: ✅ Cấu hình Passport đã được tải.
2025-07-18 08:02:49 info: ✅ Passport has been configured.
2025-07-18 08:02:49 info: ✅ Middleware Morgan for HTTP request logging configured.
2025-07-18 08:02:49 info: ✅ Middleware Session and Passport have been configured.
2025-07-18 08:02:49 info: ✅ Router has been setup.
2025-07-18 08:02:49 info: ✅ Server is running on port 3000 (development environment)
2025-07-18 08:02:52 info: ✅ Kết nối PostgreSQL với Sequelize thành công.
2025-07-18 08:02:52 info: ✅ Kết nối cơ sở dữ liệu thành công.
2025-07-18 08:02:52 info: ✅ Cấu hình Passport đã được tải.
2025-07-18 08:02:52 info: ✅ Passport has been configured.
2025-07-18 08:02:52 info: ✅ Middleware Morgan for HTTP request logging configured.
2025-07-18 08:02:52 info: ✅ Middleware Session and Passport have been configured.
2025-07-18 08:02:52 info: ✅ Router has been setup.
2025-07-18 08:02:52 info: ✅ Server is running on port 3000 (development environment)
2025-07-18 08:02:57 info: ✅ Kết nối PostgreSQL với Sequelize thành công.
2025-07-18 08:02:57 info: ✅ Kết nối cơ sở dữ liệu thành công.
2025-07-18 08:02:57 info: ✅ Cấu hình Passport đã được tải.
2025-07-18 08:02:57 info: ✅ Passport has been configured.
2025-07-18 08:02:57 info: ✅ Middleware Morgan for HTTP request logging configured.
2025-07-18 08:02:57 info: ✅ Middleware Session and Passport have been configured.
2025-07-18 08:02:57 info: ✅ Router has been setup.
2025-07-18 08:02:57 info: ✅ Server is running on port 3000 (development environment)
2025-07-18 08:04:08 info: ✅ Kết nối PostgreSQL với Sequelize thành công.
2025-07-18 08:04:08 info: ✅ Kết nối cơ sở dữ liệu thành công.
2025-07-18 08:04:08 info: ✅ Cấu hình Passport đã được tải.
2025-07-18 08:04:08 info: ✅ Passport has been configured.
2025-07-18 08:04:08 info: ✅ Middleware Morgan for HTTP request logging configured.
2025-07-18 08:04:08 info: ✅ Middleware Session and Passport have been configured.
2025-07-18 08:04:08 info: ✅ Router has been setup.
2025-07-18 08:04:08 info: ✅ Server is running on port 3000 (development environment)
2025-07-18 08:04:11 info: ✅ Kết nối PostgreSQL với Sequelize thành công.
2025-07-18 08:04:11 info: ✅ Kết nối cơ sở dữ liệu thành công.
2025-07-18 08:04:11 info: ✅ Cấu hình Passport đã được tải.
2025-07-18 08:04:11 info: ✅ Passport has been configured.
2025-07-18 08:04:11 info: ✅ Middleware Morgan for HTTP request logging configured.
2025-07-18 08:04:11 info: ✅ Middleware Session and Passport have been configured.
2025-07-18 08:04:11 info: ✅ Router has been setup.
2025-07-18 08:04:11 info: ✅ Server is running on port 3000 (development environment)
2025-07-18 08:04:13 info: ✅ Kết nối PostgreSQL với Sequelize thành công.
2025-07-18 08:04:13 info: ✅ Kết nối cơ sở dữ liệu thành công.
2025-07-18 08:04:13 info: ✅ Cấu hình Passport đã được tải.
2025-07-18 08:04:13 info: ✅ Passport has been configured.
2025-07-18 08:04:13 info: ✅ Middleware Morgan for HTTP request logging configured.
2025-07-18 08:04:13 info: ✅ Middleware Session and Passport have been configured.
2025-07-18 08:04:13 info: ✅ Router has been setup.
2025-07-18 08:04:13 info: ✅ Server is running on port 3000 (development environment)
2025-07-18 08:04:32 info: ✅ Kết nối PostgreSQL với Sequelize thành công.
2025-07-18 08:04:32 info: ✅ Kết nối cơ sở dữ liệu thành công.
2025-07-18 08:04:32 info: ✅ Cấu hình Passport đã được tải.
2025-07-18 08:04:32 info: ✅ Passport has been configured.
2025-07-18 08:04:32 info: ✅ Middleware Morgan for HTTP request logging configured.
2025-07-18 08:04:32 info: ✅ Middleware Session and Passport have been configured.
2025-07-18 08:04:32 info: ✅ Router has been setup.
2025-07-18 08:04:32 info: ✅ Server is running on port 3000 (development environment)
2025-07-18 08:04:42 info: ✅ Kết nối PostgreSQL với Sequelize thành công.
2025-07-18 08:04:42 info: ✅ Kết nối cơ sở dữ liệu thành công.
2025-07-18 08:04:42 info: ✅ Cấu hình Passport đã được tải.
2025-07-18 08:04:42 info: ✅ Passport has been configured.
2025-07-18 08:04:42 info: ✅ Middleware Morgan for HTTP request logging configured.
2025-07-18 08:04:42 info: ✅ Middleware Session and Passport have been configured.
2025-07-18 08:04:42 info: ✅ Router has been setup.
2025-07-18 08:04:42 info: ✅ Server is running on port 3000 (development environment)
2025-07-18 08:05:32 info: ✅ Kết nối PostgreSQL với Sequelize thành công.
2025-07-18 08:05:32 info: ✅ Kết nối cơ sở dữ liệu thành công.
2025-07-18 08:05:32 info: ✅ Cấu hình Passport đã được tải.
2025-07-18 08:05:32 info: ✅ Passport has been configured.
2025-07-18 08:05:32 info: ✅ Middleware Morgan for HTTP request logging configured.
2025-07-18 08:05:32 info: ✅ Middleware Session and Passport have been configured.
2025-07-18 08:05:32 info: ✅ Router has been setup.
2025-07-18 08:05:32 info: ✅ Server is running on port 3000 (development environment)
2025-07-18 08:05:40 info: ✅ Kết nối PostgreSQL với Sequelize thành công.
2025-07-18 08:05:40 info: ✅ Kết nối cơ sở dữ liệu thành công.
2025-07-18 08:05:40 info: ✅ Cấu hình Passport đã được tải.
2025-07-18 08:05:40 info: ✅ Passport has been configured.
2025-07-18 08:05:40 info: ✅ Middleware Morgan for HTTP request logging configured.
2025-07-18 08:05:40 info: ✅ Middleware Session and Passport have been configured.
2025-07-18 08:05:40 info: ✅ Router has been setup.
2025-07-18 08:05:40 info: ✅ Server is running on port 3000 (development environment)
2025-07-18 08:05:49 info: ✅ Kết nối PostgreSQL với Sequelize thành công.
2025-07-18 08:05:49 info: ✅ Kết nối cơ sở dữ liệu thành công.
2025-07-18 08:05:49 info: ✅ Cấu hình Passport đã được tải.
2025-07-18 08:05:49 info: ✅ Passport has been configured.
2025-07-18 08:05:49 info: ✅ Middleware Morgan for HTTP request logging configured.
2025-07-18 08:05:49 info: ✅ Middleware Session and Passport have been configured.
2025-07-18 08:05:49 info: ✅ Router has been setup.
2025-07-18 08:05:49 info: ✅ Server is running on port 3000 (development environment)
2025-07-18 08:06:46 info: ✅ Kết nối PostgreSQL với Sequelize thành công.
2025-07-18 08:06:46 info: ✅ Kết nối cơ sở dữ liệu thành công.
2025-07-18 08:06:46 info: ✅ Cấu hình Passport đã được tải.
2025-07-18 08:06:46 info: ✅ Passport has been configured.
2025-07-18 08:06:46 info: ✅ Middleware Morgan for HTTP request logging configured.
2025-07-18 08:06:46 info: ✅ Middleware Session and Passport have been configured.
2025-07-18 08:06:46 info: ✅ Router has been setup.
2025-07-18 08:06:46 info: ✅ Server is running on port 3000 (development environment)
2025-07-18 08:10:26 info: ✅ Kết nối PostgreSQL với Sequelize thành công.
2025-07-18 08:10:26 info: ✅ Kết nối cơ sở dữ liệu thành công.
2025-07-18 08:10:26 info: ✅ Cấu hình Passport đã được tải.
2025-07-18 08:10:26 info: ✅ Passport has been configured.
2025-07-18 08:10:26 info: ✅ Middleware Morgan for HTTP request logging configured.
2025-07-18 08:10:26 info: ✅ Middleware Session and Passport have been configured.
2025-07-18 08:10:26 info: ✅ Router has been setup.
2025-07-18 08:10:26 info: ✅ Server is running on port 3000 (development environment)
2025-07-18 08:13:13 info: ✅ Kết nối PostgreSQL với Sequelize thành công.
2025-07-18 08:13:13 info: ✅ Kết nối cơ sở dữ liệu thành công.
2025-07-18 08:13:13 info: ✅ Cấu hình Passport đã được tải.
2025-07-18 08:13:13 info: ✅ Passport has been configured.
2025-07-18 08:13:13 info: ✅ Middleware Morgan for HTTP request logging configured.
2025-07-18 08:13:13 info: ✅ Middleware Session and Passport have been configured.
2025-07-18 08:13:13 info: ✅ Router has been setup.
2025-07-18 08:13:13 info: ✅ Server is running on port 3000 (development environment)
2025-07-18 08:13:17 info: ✅ Kết nối PostgreSQL với Sequelize thành công.
2025-07-18 08:13:17 info: ✅ Kết nối cơ sở dữ liệu thành công.
2025-07-18 08:13:17 info: ✅ Cấu hình Passport đã được tải.
2025-07-18 08:13:17 info: ✅ Passport has been configured.
2025-07-18 08:13:17 info: ✅ Middleware Morgan for HTTP request logging configured.
2025-07-18 08:13:17 info: ✅ Middleware Session and Passport have been configured.
2025-07-18 08:13:17 info: ✅ Router has been setup.
2025-07-18 08:13:17 info: ✅ Server is running on port 3000 (development environment)
2025-07-18 08:14:52 info: ✅ Kết nối PostgreSQL với Sequelize thành công.
2025-07-18 08:14:52 info: ✅ Kết nối cơ sở dữ liệu thành công.
2025-07-18 08:14:52 info: ✅ Cấu hình Passport đã được tải.
2025-07-18 08:14:52 info: ✅ Passport has been configured.
2025-07-18 08:14:52 info: ✅ Middleware Morgan for HTTP request logging configured.
2025-07-18 08:14:52 info: ✅ Middleware Session and Passport have been configured.
2025-07-18 08:14:52 info: ✅ Router has been setup.
2025-07-18 08:14:52 info: ✅ Server is running on port 3000 (development environment)
2025-07-18 08:14:59 info: ✅ Kết nối PostgreSQL với Sequelize thành công.
2025-07-18 08:14:59 info: ✅ Kết nối cơ sở dữ liệu thành công.
2025-07-18 08:14:59 info: ✅ Cấu hình Passport đã được tải.
2025-07-18 08:14:59 info: ✅ Passport has been configured.
2025-07-18 08:14:59 info: ✅ Middleware Morgan for HTTP request logging configured.
2025-07-18 08:14:59 info: ✅ Middleware Session and Passport have been configured.
2025-07-18 08:14:59 info: ✅ Router has been setup.
2025-07-18 08:14:59 info: ✅ Server is running on port 3000 (development environment)
2025-07-18 08:15:05 info: ✅ Kết nối PostgreSQL với Sequelize thành công.
2025-07-18 08:15:05 info: ✅ Kết nối cơ sở dữ liệu thành công.
2025-07-18 08:15:05 info: ✅ Cấu hình Passport đã được tải.
2025-07-18 08:15:05 info: ✅ Passport has been configured.
2025-07-18 08:15:05 info: ✅ Middleware Morgan for HTTP request logging configured.
2025-07-18 08:15:05 info: ✅ Middleware Session and Passport have been configured.
2025-07-18 08:15:05 info: ✅ Router has been setup.
2025-07-18 08:15:05 info: ✅ Server is running on port 3000 (development environment)
2025-07-18 08:15:14 info: ✅ Kết nối PostgreSQL với Sequelize thành công.
2025-07-18 08:15:14 info: ✅ Kết nối cơ sở dữ liệu thành công.
2025-07-18 08:15:14 info: ✅ Cấu hình Passport đã được tải.
2025-07-18 08:15:14 info: ✅ Passport has been configured.
2025-07-18 08:15:14 info: ✅ Middleware Morgan for HTTP request logging configured.
2025-07-18 08:15:14 info: ✅ Middleware Session and Passport have been configured.
2025-07-18 08:15:14 info: ✅ Router has been setup.
2025-07-18 08:15:14 info: ✅ Server is running on port 3000 (development environment)
2025-07-18 08:15:27 info: ✅ Kết nối PostgreSQL với Sequelize thành công.
2025-07-18 08:15:27 info: ✅ Kết nối cơ sở dữ liệu thành công.
2025-07-18 08:15:27 info: ✅ Cấu hình Passport đã được tải.
2025-07-18 08:15:27 info: ✅ Passport has been configured.
2025-07-18 08:15:27 info: ✅ Middleware Morgan for HTTP request logging configured.
2025-07-18 08:15:27 info: ✅ Middleware Session and Passport have been configured.
2025-07-18 08:15:27 info: ✅ Router has been setup.
2025-07-18 08:15:27 info: ✅ Server is running on port 3000 (development environment)
2025-07-18 08:15:30 info: ✅ Kết nối PostgreSQL với Sequelize thành công.
2025-07-18 08:15:30 info: ✅ Kết nối cơ sở dữ liệu thành công.
2025-07-18 08:15:30 info: ✅ Cấu hình Passport đã được tải.
2025-07-18 08:15:30 info: ✅ Passport has been configured.
2025-07-18 08:15:30 info: ✅ Middleware Morgan for HTTP request logging configured.
2025-07-18 08:15:30 info: ✅ Middleware Session and Passport have been configured.
2025-07-18 08:15:30 info: ✅ Router has been setup.
2025-07-18 08:15:30 info: ✅ Server is running on port 3000 (development environment)
2025-07-18 08:16:19 info: ✅ Kết nối PostgreSQL với Sequelize thành công.
2025-07-18 08:16:19 info: ✅ Kết nối cơ sở dữ liệu thành công.
2025-07-18 08:16:19 info: ✅ Cấu hình Passport đã được tải.
2025-07-18 08:16:19 info: ✅ Passport has been configured.
2025-07-18 08:16:19 info: ✅ Middleware Morgan for HTTP request logging configured.
2025-07-18 08:16:19 info: ✅ Middleware Session and Passport have been configured.
2025-07-18 08:16:19 info: ✅ Router has been setup.
2025-07-18 08:16:19 info: ✅ Server is running on port 3000 (development environment)
2025-07-18 08:16:32 info: ✅ Kết nối PostgreSQL với Sequelize thành công.
2025-07-18 08:16:32 info: ✅ Kết nối cơ sở dữ liệu thành công.
2025-07-18 08:16:32 info: ✅ Cấu hình Passport đã được tải.
2025-07-18 08:16:32 info: ✅ Passport has been configured.
2025-07-18 08:16:32 info: ✅ Middleware Morgan for HTTP request logging configured.
2025-07-18 08:16:32 info: ✅ Middleware Session and Passport have been configured.
2025-07-18 08:16:32 info: ✅ Router has been setup.
2025-07-18 08:16:32 info: ✅ Server is running on port 3000 (development environment)
2025-07-18 08:16:56 info: ✅ Kết nối PostgreSQL với Sequelize thành công.
2025-07-18 08:16:56 info: ✅ Kết nối cơ sở dữ liệu thành công.
2025-07-18 08:16:56 info: ✅ Cấu hình Passport đã được tải.
2025-07-18 08:16:56 info: ✅ Passport has been configured.
2025-07-18 08:16:56 info: ✅ Middleware Morgan for HTTP request logging configured.
2025-07-18 08:16:56 info: ✅ Middleware Session and Passport have been configured.
2025-07-18 08:16:56 info: ✅ Router has been setup.
2025-07-18 08:16:56 info: ✅ Server is running on port 3000 (development environment)
2025-07-18 08:17:02 info: ✅ Kết nối PostgreSQL với Sequelize thành công.
2025-07-18 08:17:02 info: ✅ Kết nối cơ sở dữ liệu thành công.
2025-07-18 08:17:02 info: ✅ Cấu hình Passport đã được tải.
2025-07-18 08:17:02 info: ✅ Passport has been configured.
2025-07-18 08:17:02 info: ✅ Middleware Morgan for HTTP request logging configured.
2025-07-18 08:17:02 info: ✅ Middleware Session and Passport have been configured.
2025-07-18 08:17:02 info: ✅ Router has been setup.
2025-07-18 08:17:02 info: ✅ Server is running on port 3000 (development environment)
2025-07-18 08:17:09 info: ✅ Kết nối PostgreSQL với Sequelize thành công.
2025-07-18 08:17:09 info: ✅ Kết nối cơ sở dữ liệu thành công.
2025-07-18 08:17:09 info: ✅ Cấu hình Passport đã được tải.
2025-07-18 08:17:09 info: ✅ Passport has been configured.
2025-07-18 08:17:09 info: ✅ Middleware Morgan for HTTP request logging configured.
2025-07-18 08:17:09 info: ✅ Middleware Session and Passport have been configured.
2025-07-18 08:17:09 info: ✅ Router has been setup.
2025-07-18 08:17:09 info: ✅ Server is running on port 3000 (development environment)
2025-07-18 08:17:17 info: ✅ Kết nối PostgreSQL với Sequelize thành công.
2025-07-18 08:17:17 info: ✅ Kết nối cơ sở dữ liệu thành công.
2025-07-18 08:17:17 info: ✅ Cấu hình Passport đã được tải.
2025-07-18 08:17:17 info: ✅ Passport has been configured.
2025-07-18 08:17:17 info: ✅ Middleware Morgan for HTTP request logging configured.
2025-07-18 08:17:17 info: ✅ Middleware Session and Passport have been configured.
2025-07-18 08:17:17 info: ✅ Router has been setup.
2025-07-18 08:17:17 info: ✅ Server is running on port 3000 (development environment)
2025-07-18 08:17:19 info: ✅ Kết nối PostgreSQL với Sequelize thành công.
2025-07-18 08:17:19 info: ✅ Kết nối cơ sở dữ liệu thành công.
2025-07-18 08:17:19 info: ✅ Cấu hình Passport đã được tải.
2025-07-18 08:17:19 info: ✅ Passport has been configured.
2025-07-18 08:17:19 info: ✅ Middleware Morgan for HTTP request logging configured.
2025-07-18 08:17:19 info: ✅ Middleware Session and Passport have been configured.
2025-07-18 08:17:19 info: ✅ Router has been setup.
2025-07-18 08:17:19 info: ✅ Server is running on port 3000 (development environment)
2025-07-18 08:17:33 info: ✅ Kết nối PostgreSQL với Sequelize thành công.
2025-07-18 08:17:33 info: ✅ Kết nối cơ sở dữ liệu thành công.
2025-07-18 08:17:33 info: ✅ Cấu hình Passport đã được tải.
2025-07-18 08:17:33 info: ✅ Passport has been configured.
2025-07-18 08:17:33 info: ✅ Middleware Morgan for HTTP request logging configured.
2025-07-18 08:17:33 info: ✅ Middleware Session and Passport have been configured.
2025-07-18 08:17:33 info: ✅ Router has been setup.
2025-07-18 08:17:33 info: ✅ Server is running on port 3000 (development environment)
2025-07-18 08:20:16 info: ✅ Kết nối PostgreSQL với Sequelize thành công.
2025-07-18 08:20:16 info: ✅ Kết nối cơ sở dữ liệu thành công.
2025-07-18 08:20:16 info: ✅ Cấu hình Passport đã được tải.
2025-07-18 08:20:16 info: ✅ Passport has been configured.
2025-07-18 08:20:16 info: ✅ Middleware Morgan for HTTP request logging configured.
2025-07-18 08:20:16 info: ✅ Middleware Session and Passport have been configured.
2025-07-18 08:20:16 info: ✅ Router has been setup.
2025-07-18 08:20:16 info: ✅ Server is running on port 3000 (development environment)
2025-07-18 08:21:01 info: ✅ Kết nối PostgreSQL với Sequelize thành công.
2025-07-18 08:21:01 info: ✅ Kết nối cơ sở dữ liệu thành công.
2025-07-18 08:21:01 info: ✅ Cấu hình Passport đã được tải.
2025-07-18 08:21:01 info: ✅ Passport has been configured.
2025-07-18 08:21:01 info: ✅ Middleware Morgan for HTTP request logging configured.
2025-07-18 08:21:01 info: ✅ Middleware Session and Passport have been configured.
2025-07-18 08:21:01 info: ✅ Router has been setup.
2025-07-18 08:21:01 info: ✅ Server is running on port 3000 (development environment)
2025-07-18 08:21:19 info: ✅ Kết nối PostgreSQL với Sequelize thành công.
2025-07-18 08:21:19 info: ✅ Kết nối cơ sở dữ liệu thành công.
2025-07-18 08:21:19 info: ✅ Cấu hình Passport đã được tải.
2025-07-18 08:21:19 info: ✅ Passport has been configured.
2025-07-18 08:21:19 info: ✅ Middleware Morgan for HTTP request logging configured.
2025-07-18 08:21:19 info: ✅ Middleware Session and Passport have been configured.
2025-07-18 08:21:19 info: ✅ Router has been setup.
2025-07-18 08:21:19 info: ✅ Server is running on port 3000 (development environment)
2025-07-18 08:21:22 info: ✅ Kết nối PostgreSQL với Sequelize thành công.
2025-07-18 08:21:22 info: ✅ Kết nối cơ sở dữ liệu thành công.
2025-07-18 08:21:22 info: ✅ Cấu hình Passport đã được tải.
2025-07-18 08:21:22 info: ✅ Passport has been configured.
2025-07-18 08:21:22 info: ✅ Middleware Morgan for HTTP request logging configured.
2025-07-18 08:21:22 info: ✅ Middleware Session and Passport have been configured.
2025-07-18 08:21:22 info: ✅ Router has been setup.
2025-07-18 08:21:22 info: ✅ Server is running on port 3000 (development environment)
2025-07-18 08:21:25 info: ✅ Kết nối PostgreSQL với Sequelize thành công.
2025-07-18 08:21:25 info: ✅ Kết nối cơ sở dữ liệu thành công.
2025-07-18 08:21:25 info: ✅ Cấu hình Passport đã được tải.
2025-07-18 08:21:25 info: ✅ Passport has been configured.
2025-07-18 08:21:25 info: ✅ Middleware Morgan for HTTP request logging configured.
2025-07-18 08:21:25 info: ✅ Middleware Session and Passport have been configured.
2025-07-18 08:21:25 info: ✅ Router has been setup.
2025-07-18 08:21:25 info: ✅ Server is running on port 3000 (development environment)
2025-07-18 08:21:46 info: ✅ Kết nối PostgreSQL với Sequelize thành công.
2025-07-18 08:21:46 info: ✅ Kết nối cơ sở dữ liệu thành công.
2025-07-18 08:21:46 info: ✅ Cấu hình Passport đã được tải.
2025-07-18 08:21:46 info: ✅ Passport has been configured.
2025-07-18 08:21:46 info: ✅ Middleware Morgan for HTTP request logging configured.
2025-07-18 08:21:46 info: ✅ Middleware Session and Passport have been configured.
2025-07-18 08:21:46 info: ✅ Router has been setup.
2025-07-18 08:21:46 info: ✅ Server is running on port 3000 (development environment)
2025-07-18 08:21:49 info: ✅ Kết nối PostgreSQL với Sequelize thành công.
2025-07-18 08:21:49 info: ✅ Kết nối cơ sở dữ liệu thành công.
2025-07-18 08:21:49 info: ✅ Cấu hình Passport đã được tải.
2025-07-18 08:21:49 info: ✅ Passport has been configured.
2025-07-18 08:21:49 info: ✅ Middleware Morgan for HTTP request logging configured.
2025-07-18 08:21:49 info: ✅ Middleware Session and Passport have been configured.
2025-07-18 08:21:49 info: ✅ Router has been setup.
2025-07-18 08:21:49 info: ✅ Server is running on port 3000 (development environment)
2025-07-18 08:21:53 info: ✅ Kết nối PostgreSQL với Sequelize thành công.
2025-07-18 08:21:53 info: ✅ Kết nối cơ sở dữ liệu thành công.
2025-07-18 08:21:53 info: ✅ Cấu hình Passport đã được tải.
2025-07-18 08:21:53 info: ✅ Passport has been configured.
2025-07-18 08:21:53 info: ✅ Middleware Morgan for HTTP request logging configured.
2025-07-18 08:21:53 info: ✅ Middleware Session and Passport have been configured.
2025-07-18 08:21:53 info: ✅ Router has been setup.
2025-07-18 08:21:53 info: ✅ Server is running on port 3000 (development environment)
2025-07-18 08:22:29 info: ✅ Kết nối PostgreSQL với Sequelize thành công.
2025-07-18 08:22:29 info: ✅ Kết nối cơ sở dữ liệu thành công.
2025-07-18 08:22:29 info: ✅ Cấu hình Passport đã được tải.
2025-07-18 08:22:29 info: ✅ Passport has been configured.
2025-07-18 08:22:29 info: ✅ Middleware Morgan for HTTP request logging configured.
2025-07-18 08:22:29 info: ✅ Middleware Session and Passport have been configured.
2025-07-18 08:22:29 info: ✅ Router has been setup.
2025-07-18 08:22:29 info: ✅ Server is running on port 3000 (development environment)
2025-07-18 08:22:33 info: ✅ Kết nối PostgreSQL với Sequelize thành công.
2025-07-18 08:22:33 info: ✅ Kết nối cơ sở dữ liệu thành công.
2025-07-18 08:22:33 info: ✅ Cấu hình Passport đã được tải.
2025-07-18 08:22:33 info: ✅ Passport has been configured.
2025-07-18 08:22:33 info: ✅ Middleware Morgan for HTTP request logging configured.
2025-07-18 08:22:33 info: ✅ Middleware Session and Passport have been configured.
2025-07-18 08:22:33 info: ✅ Router has been setup.
2025-07-18 08:22:33 info: ✅ Server is running on port 3000 (development environment)
2025-07-18 08:22:36 info: ✅ Kết nối PostgreSQL với Sequelize thành công.
2025-07-18 08:22:36 info: ✅ Kết nối cơ sở dữ liệu thành công.
2025-07-18 08:22:36 info: ✅ Cấu hình Passport đã được tải.
2025-07-18 08:22:36 info: ✅ Passport has been configured.
2025-07-18 08:22:36 info: ✅ Middleware Morgan for HTTP request logging configured.
2025-07-18 08:22:36 info: ✅ Middleware Session and Passport have been configured.
2025-07-18 08:22:36 info: ✅ Router has been setup.
2025-07-18 08:22:36 info: ✅ Server is running on port 3000 (development environment)
2025-07-18 08:22:40 info: ✅ Kết nối PostgreSQL với Sequelize thành công.
2025-07-18 08:22:40 info: ✅ Kết nối cơ sở dữ liệu thành công.
2025-07-18 08:22:40 info: ✅ Cấu hình Passport đã được tải.
2025-07-18 08:22:40 info: ✅ Passport has been configured.
2025-07-18 08:22:40 info: ✅ Middleware Morgan for HTTP request logging configured.
2025-07-18 08:22:40 info: ✅ Middleware Session and Passport have been configured.
2025-07-18 08:22:40 info: ✅ Router has been setup.
2025-07-18 08:22:40 info: ✅ Server is running on port 3000 (development environment)
2025-07-18 08:22:45 info: ✅ Kết nối PostgreSQL với Sequelize thành công.
2025-07-18 08:22:45 info: ✅ Kết nối cơ sở dữ liệu thành công.
2025-07-18 08:22:45 info: ✅ Cấu hình Passport đã được tải.
2025-07-18 08:22:45 info: ✅ Passport has been configured.
2025-07-18 08:22:45 info: ✅ Middleware Morgan for HTTP request logging configured.
2025-07-18 08:22:45 info: ✅ Middleware Session and Passport have been configured.
2025-07-18 08:22:45 info: ✅ Router has been setup.
2025-07-18 08:22:45 info: ✅ Server is running on port 3000 (development environment)
2025-07-18 08:23:02 info: ✅ Kết nối PostgreSQL với Sequelize thành công.
2025-07-18 08:23:02 info: ✅ Kết nối cơ sở dữ liệu thành công.
2025-07-18 08:23:02 info: ✅ Cấu hình Passport đã được tải.
2025-07-18 08:23:02 info: ✅ Passport has been configured.
2025-07-18 08:23:02 info: ✅ Middleware Morgan for HTTP request logging configured.
2025-07-18 08:23:02 info: ✅ Middleware Session and Passport have been configured.
2025-07-18 08:23:02 info: ✅ Router has been setup.
2025-07-18 08:23:02 info: ✅ Server is running on port 3000 (development environment)
2025-07-18 08:23:11 info: ✅ Kết nối PostgreSQL với Sequelize thành công.
2025-07-18 08:23:11 info: ✅ Kết nối cơ sở dữ liệu thành công.
2025-07-18 08:23:11 info: ✅ Cấu hình Passport đã được tải.
2025-07-18 08:23:11 info: ✅ Passport has been configured.
2025-07-18 08:23:11 info: ✅ Middleware Morgan for HTTP request logging configured.
2025-07-18 08:23:11 info: ✅ Middleware Session and Passport have been configured.
2025-07-18 08:23:11 info: ✅ Router has been setup.
2025-07-18 08:23:11 info: ✅ Server is running on port 3000 (development environment)
2025-07-18 08:23:15 info: ✅ Kết nối PostgreSQL với Sequelize thành công.
2025-07-18 08:23:15 info: ✅ Kết nối cơ sở dữ liệu thành công.
2025-07-18 08:23:15 info: ✅ Cấu hình Passport đã được tải.
2025-07-18 08:23:15 info: ✅ Passport has been configured.
2025-07-18 08:23:15 info: ✅ Middleware Morgan for HTTP request logging configured.
2025-07-18 08:23:15 info: ✅ Middleware Session and Passport have been configured.
2025-07-18 08:23:15 info: ✅ Router has been setup.
2025-07-18 08:23:15 info: ✅ Server is running on port 3000 (development environment)
2025-07-18 08:23:41 info: ✅ Kết nối PostgreSQL với Sequelize thành công.
2025-07-18 08:23:41 info: ✅ Kết nối cơ sở dữ liệu thành công.
2025-07-18 08:23:41 info: ✅ Cấu hình Passport đã được tải.
2025-07-18 08:23:41 info: ✅ Passport has been configured.
2025-07-18 08:23:41 info: ✅ Middleware Morgan for HTTP request logging configured.
2025-07-18 08:23:41 info: ✅ Middleware Session and Passport have been configured.
2025-07-18 08:23:41 info: ✅ Router has been setup.
2025-07-18 08:23:41 info: ✅ Server is running on port 3000 (development environment)
2025-07-18 08:23:58 info: ✅ Kết nối PostgreSQL với Sequelize thành công.
2025-07-18 08:23:58 info: ✅ Kết nối cơ sở dữ liệu thành công.
2025-07-18 08:23:58 info: ✅ Cấu hình Passport đã được tải.
2025-07-18 08:23:58 info: ✅ Passport has been configured.
2025-07-18 08:23:58 info: ✅ Middleware Morgan for HTTP request logging configured.
2025-07-18 08:23:58 info: ✅ Middleware Session and Passport have been configured.
2025-07-18 08:23:58 info: ✅ Router has been setup.
2025-07-18 08:23:58 info: ✅ Server is running on port 3000 (development environment)
2025-07-18 08:24:03 info: ✅ Kết nối PostgreSQL với Sequelize thành công.
2025-07-18 08:24:03 info: ✅ Kết nối cơ sở dữ liệu thành công.
2025-07-18 08:24:03 info: ✅ Cấu hình Passport đã được tải.
2025-07-18 08:24:03 info: ✅ Passport has been configured.
2025-07-18 08:24:03 info: ✅ Middleware Morgan for HTTP request logging configured.
2025-07-18 08:24:03 info: ✅ Middleware Session and Passport have been configured.
2025-07-18 08:24:03 info: ✅ Router has been setup.
2025-07-18 08:24:03 info: ✅ Server is running on port 3000 (development environment)
2025-07-18 08:24:31 info: ✅ Kết nối PostgreSQL với Sequelize thành công.
2025-07-18 08:24:31 info: ✅ Kết nối cơ sở dữ liệu thành công.
2025-07-18 08:24:31 info: ✅ Cấu hình Passport đã được tải.
2025-07-18 08:24:31 info: ✅ Passport has been configured.
2025-07-18 08:24:31 info: ✅ Middleware Morgan for HTTP request logging configured.
2025-07-18 08:24:31 info: ✅ Middleware Session and Passport have been configured.
2025-07-18 08:24:31 info: ✅ Router has been setup.
2025-07-18 08:24:31 info: ✅ Server is running on port 3000 (development environment)
2025-07-18 08:24:35 info: ✅ Kết nối PostgreSQL với Sequelize thành công.
2025-07-18 08:24:35 info: ✅ Kết nối cơ sở dữ liệu thành công.
2025-07-18 08:24:35 info: ✅ Cấu hình Passport đã được tải.
2025-07-18 08:24:35 info: ✅ Passport has been configured.
2025-07-18 08:24:35 info: ✅ Middleware Morgan for HTTP request logging configured.
2025-07-18 08:24:35 info: ✅ Middleware Session and Passport have been configured.
2025-07-18 08:24:35 info: ✅ Router has been setup.
2025-07-18 08:24:35 info: ✅ Server is running on port 3000 (development environment)
2025-07-18 08:24:40 info: ✅ Kết nối PostgreSQL với Sequelize thành công.
2025-07-18 08:24:40 info: ✅ Kết nối cơ sở dữ liệu thành công.
2025-07-18 08:24:40 info: ✅ Cấu hình Passport đã được tải.
2025-07-18 08:24:40 info: ✅ Passport has been configured.
2025-07-18 08:24:40 info: ✅ Middleware Morgan for HTTP request logging configured.
2025-07-18 08:24:40 info: ✅ Middleware Session and Passport have been configured.
2025-07-18 08:24:40 info: ✅ Router has been setup.
2025-07-18 08:24:40 info: ✅ Server is running on port 3000 (development environment)
2025-07-18 08:25:29 info: ✅ Kết nối PostgreSQL với Sequelize thành công.
2025-07-18 08:25:29 info: ✅ Kết nối cơ sở dữ liệu thành công.
2025-07-18 08:25:29 info: ✅ Cấu hình Passport đã được tải.
2025-07-18 08:25:29 info: ✅ Passport has been configured.
2025-07-18 08:25:29 info: ✅ Middleware Morgan for HTTP request logging configured.
2025-07-18 08:25:29 info: ✅ Middleware Session and Passport have been configured.
2025-07-18 08:25:29 info: ✅ Router has been setup.
2025-07-18 08:25:29 info: ✅ Server is running on port 3000 (development environment)
2025-07-18 08:25:31 info: ✅ Kết nối PostgreSQL với Sequelize thành công.
2025-07-18 08:25:31 info: ✅ Kết nối cơ sở dữ liệu thành công.
2025-07-18 08:25:31 info: ✅ Cấu hình Passport đã được tải.
2025-07-18 08:25:31 info: ✅ Passport has been configured.
2025-07-18 08:25:31 info: ✅ Middleware Morgan for HTTP request logging configured.
2025-07-18 08:25:31 info: ✅ Middleware Session and Passport have been configured.
2025-07-18 08:25:31 info: ✅ Router has been setup.
2025-07-18 08:25:31 info: ✅ Server is running on port 3000 (development environment)
2025-07-18 08:26:09 info: ✅ Kết nối PostgreSQL với Sequelize thành công.
2025-07-18 08:26:09 info: ✅ Kết nối cơ sở dữ liệu thành công.
2025-07-18 08:26:09 info: ✅ Cấu hình Passport đã được tải.
2025-07-18 08:26:09 info: ✅ Passport has been configured.
2025-07-18 08:26:09 info: ✅ Middleware Morgan for HTTP request logging configured.
2025-07-18 08:26:09 info: ✅ Middleware Session and Passport have been configured.
2025-07-18 08:26:09 info: ✅ Router has been setup.
2025-07-18 08:26:09 info: ✅ Server is running on port 3000 (development environment)
2025-07-18 08:26:43 info: ✅ Kết nối PostgreSQL với Sequelize thành công.
2025-07-18 08:26:43 info: ✅ Kết nối cơ sở dữ liệu thành công.
2025-07-18 08:26:43 info: ✅ Cấu hình Passport đã được tải.
2025-07-18 08:26:43 info: ✅ Passport has been configured.
2025-07-18 08:26:43 info: ✅ Middleware Morgan for HTTP request logging configured.
2025-07-18 08:26:43 info: ✅ Middleware Session and Passport have been configured.
2025-07-18 08:26:43 info: ✅ Router has been setup.
2025-07-18 08:26:43 info: ✅ Server is running on port 3000 (development environment)
2025-07-18 08:26:52 info: ✅ Kết nối PostgreSQL với Sequelize thành công.
2025-07-18 08:26:52 info: ✅ Kết nối cơ sở dữ liệu thành công.
2025-07-18 08:26:52 info: ✅ Cấu hình Passport đã được tải.
2025-07-18 08:26:52 info: ✅ Passport has been configured.
2025-07-18 08:26:52 info: ✅ Middleware Morgan for HTTP request logging configured.
2025-07-18 08:26:52 info: ✅ Middleware Session and Passport have been configured.
2025-07-18 08:26:52 info: ✅ Router has been setup.
2025-07-18 08:26:52 info: ✅ Server is running on port 3000 (development environment)
2025-07-18 08:27:00 info: ✅ Kết nối PostgreSQL với Sequelize thành công.
2025-07-18 08:27:00 info: ✅ Kết nối cơ sở dữ liệu thành công.
2025-07-18 08:27:00 info: ✅ Cấu hình Passport đã được tải.
2025-07-18 08:27:00 info: ✅ Passport has been configured.
2025-07-18 08:27:00 info: ✅ Middleware Morgan for HTTP request logging configured.
2025-07-18 08:27:00 info: ✅ Middleware Session and Passport have been configured.
2025-07-18 08:27:00 info: ✅ Router has been setup.
2025-07-18 08:27:00 info: ✅ Server is running on port 3000 (development environment)
2025-07-18 08:27:22 info: ✅ Kết nối PostgreSQL với Sequelize thành công.
2025-07-18 08:27:22 info: ✅ Kết nối cơ sở dữ liệu thành công.
2025-07-18 08:27:22 info: ✅ Cấu hình Passport đã được tải.
2025-07-18 08:27:22 info: ✅ Passport has been configured.
2025-07-18 08:27:22 info: ✅ Middleware Morgan for HTTP request logging configured.
2025-07-18 08:27:22 info: ✅ Middleware Session and Passport have been configured.
2025-07-18 08:27:22 info: ✅ Router has been setup.
2025-07-18 08:27:22 info: ✅ Server is running on port 3000 (development environment)
2025-07-18 08:27:32 info: ✅ Kết nối PostgreSQL với Sequelize thành công.
2025-07-18 08:27:32 info: ✅ Kết nối cơ sở dữ liệu thành công.
2025-07-18 08:27:32 info: ✅ Cấu hình Passport đã được tải.
2025-07-18 08:27:32 info: ✅ Passport has been configured.
2025-07-18 08:27:32 info: ✅ Middleware Morgan for HTTP request logging configured.
2025-07-18 08:27:32 info: ✅ Middleware Session and Passport have been configured.
2025-07-18 08:27:32 info: ✅ Router has been setup.
2025-07-18 08:27:32 info: ✅ Server is running on port 3000 (development environment)
2025-07-18 08:27:38 info: ✅ Kết nối PostgreSQL với Sequelize thành công.
2025-07-18 08:27:38 info: ✅ Kết nối cơ sở dữ liệu thành công.
2025-07-18 08:27:38 info: ✅ Cấu hình Passport đã được tải.
2025-07-18 08:27:38 info: ✅ Passport has been configured.
2025-07-18 08:27:38 info: ✅ Middleware Morgan for HTTP request logging configured.
2025-07-18 08:27:38 info: ✅ Middleware Session and Passport have been configured.
2025-07-18 08:27:38 info: ✅ Router has been setup.
2025-07-18 08:27:38 info: ✅ Server is running on port 3000 (development environment)
2025-07-18 08:27:47 info: ✅ Kết nối PostgreSQL với Sequelize thành công.
2025-07-18 08:27:47 info: ✅ Kết nối cơ sở dữ liệu thành công.
2025-07-18 08:27:47 info: ✅ Cấu hình Passport đã được tải.
2025-07-18 08:27:47 info: ✅ Passport has been configured.
2025-07-18 08:27:47 info: ✅ Middleware Morgan for HTTP request logging configured.
2025-07-18 08:27:47 info: ✅ Middleware Session and Passport have been configured.
2025-07-18 08:27:47 info: ✅ Router has been setup.
2025-07-18 08:27:47 info: ✅ Server is running on port 3000 (development environment)
2025-07-18 08:28:45 info: ✅ Kết nối PostgreSQL với Sequelize thành công.
2025-07-18 08:28:45 info: ✅ Kết nối cơ sở dữ liệu thành công.
2025-07-18 08:28:45 info: ✅ Cấu hình Passport đã được tải.
2025-07-18 08:28:45 info: ✅ Passport has been configured.
2025-07-18 08:28:45 info: ✅ Middleware Morgan for HTTP request logging configured.
2025-07-18 08:28:45 info: ✅ Middleware Session and Passport have been configured.
2025-07-18 08:28:45 info: ✅ Router has been setup.
2025-07-18 08:28:45 info: ✅ Server is running on port 3000 (development environment)
2025-07-18 08:29:00 info: ✅ Kết nối PostgreSQL với Sequelize thành công.
2025-07-18 08:29:00 info: ✅ Kết nối cơ sở dữ liệu thành công.
2025-07-18 08:29:00 info: ✅ Cấu hình Passport đã được tải.
2025-07-18 08:29:00 info: ✅ Passport has been configured.
2025-07-18 08:29:00 info: ✅ Middleware Morgan for HTTP request logging configured.
2025-07-18 08:29:00 info: ✅ Middleware Session and Passport have been configured.
2025-07-18 08:29:00 info: ✅ Router has been setup.
2025-07-18 08:29:00 info: ✅ Server is running on port 3000 (development environment)
2025-07-18 08:29:05 info: ✅ Kết nối PostgreSQL với Sequelize thành công.
2025-07-18 08:29:05 info: ✅ Kết nối cơ sở dữ liệu thành công.
2025-07-18 08:29:05 info: ✅ Cấu hình Passport đã được tải.
2025-07-18 08:29:05 info: ✅ Passport has been configured.
2025-07-18 08:29:05 info: ✅ Middleware Morgan for HTTP request logging configured.
2025-07-18 08:29:05 info: ✅ Middleware Session and Passport have been configured.
2025-07-18 08:29:05 info: ✅ Router has been setup.
2025-07-18 08:29:05 info: ✅ Server is running on port 3000 (development environment)
2025-07-18 08:29:09 info: ✅ Kết nối PostgreSQL với Sequelize thành công.
2025-07-18 08:29:09 info: ✅ Kết nối cơ sở dữ liệu thành công.
2025-07-18 08:29:09 info: ✅ Cấu hình Passport đã được tải.
2025-07-18 08:29:09 info: ✅ Passport has been configured.
2025-07-18 08:29:09 info: ✅ Middleware Morgan for HTTP request logging configured.
2025-07-18 08:29:09 info: ✅ Middleware Session and Passport have been configured.
2025-07-18 08:29:09 info: ✅ Router has been setup.
2025-07-18 08:29:09 info: ✅ Server is running on port 3000 (development environment)
2025-07-18 08:29:18 info: ✅ Kết nối PostgreSQL với Sequelize thành công.
2025-07-18 08:29:18 info: ✅ Kết nối cơ sở dữ liệu thành công.
2025-07-18 08:29:18 info: ✅ Cấu hình Passport đã được tải.
2025-07-18 08:29:18 info: ✅ Passport has been configured.
2025-07-18 08:29:18 info: ✅ Middleware Morgan for HTTP request logging configured.
2025-07-18 08:29:18 info: ✅ Middleware Session and Passport have been configured.
2025-07-18 08:29:18 info: ✅ Router has been setup.
2025-07-18 08:29:18 info: ✅ Server is running on port 3000 (development environment)
2025-07-18 08:29:22 info: ✅ Kết nối PostgreSQL với Sequelize thành công.
2025-07-18 08:29:22 info: ✅ Kết nối cơ sở dữ liệu thành công.
2025-07-18 08:29:22 info: ✅ Cấu hình Passport đã được tải.
2025-07-18 08:29:22 info: ✅ Passport has been configured.
2025-07-18 08:29:22 info: ✅ Middleware Morgan for HTTP request logging configured.
2025-07-18 08:29:22 info: ✅ Middleware Session and Passport have been configured.
2025-07-18 08:29:22 info: ✅ Router has been setup.
2025-07-18 08:29:22 info: ✅ Server is running on port 3000 (development environment)
2025-07-18 08:29:29 info: ✅ Kết nối PostgreSQL với Sequelize thành công.
2025-07-18 08:29:29 info: ✅ Kết nối cơ sở dữ liệu thành công.
2025-07-18 08:29:29 info: ✅ Cấu hình Passport đã được tải.
2025-07-18 08:29:29 info: ✅ Passport has been configured.
2025-07-18 08:29:29 info: ✅ Middleware Morgan for HTTP request logging configured.
2025-07-18 08:29:29 info: ✅ Middleware Session and Passport have been configured.
2025-07-18 08:29:29 info: ✅ Router has been setup.
2025-07-18 08:29:29 info: ✅ Server is running on port 3000 (development environment)
2025-07-18 08:29:37 info: ✅ Kết nối PostgreSQL với Sequelize thành công.
2025-07-18 08:29:37 info: ✅ Kết nối cơ sở dữ liệu thành công.
2025-07-18 08:29:37 info: ✅ Cấu hình Passport đã được tải.
2025-07-18 08:29:37 info: ✅ Passport has been configured.
2025-07-18 08:29:37 info: ✅ Middleware Morgan for HTTP request logging configured.
2025-07-18 08:29:37 info: ✅ Middleware Session and Passport have been configured.
2025-07-18 08:29:37 info: ✅ Router has been setup.
2025-07-18 08:29:37 info: ✅ Server is running on port 3000 (development environment)
2025-07-18 08:29:45 info: ✅ Kết nối PostgreSQL với Sequelize thành công.
2025-07-18 08:29:45 info: ✅ Kết nối cơ sở dữ liệu thành công.
2025-07-18 08:29:45 info: ✅ Cấu hình Passport đã được tải.
2025-07-18 08:29:45 info: ✅ Passport has been configured.
2025-07-18 08:29:45 info: ✅ Middleware Morgan for HTTP request logging configured.
2025-07-18 08:29:45 info: ✅ Middleware Session and Passport have been configured.
2025-07-18 08:29:45 info: ✅ Router has been setup.
2025-07-18 08:29:45 info: ✅ Server is running on port 3000 (development environment)
2025-07-18 08:29:49 info: ✅ Kết nối PostgreSQL với Sequelize thành công.
2025-07-18 08:29:49 info: ✅ Kết nối cơ sở dữ liệu thành công.
2025-07-18 08:29:49 info: ✅ Cấu hình Passport đã được tải.
2025-07-18 08:29:49 info: ✅ Passport has been configured.
2025-07-18 08:29:49 info: ✅ Middleware Morgan for HTTP request logging configured.
2025-07-18 08:29:49 info: ✅ Middleware Session and Passport have been configured.
2025-07-18 08:29:49 info: ✅ Router has been setup.
2025-07-18 08:29:49 info: ✅ Server is running on port 3000 (development environment)
2025-07-18 08:29:51 info: ✅ Kết nối PostgreSQL với Sequelize thành công.
2025-07-18 08:29:51 info: ✅ Kết nối cơ sở dữ liệu thành công.
2025-07-18 08:29:51 info: ✅ Cấu hình Passport đã được tải.
2025-07-18 08:29:51 info: ✅ Passport has been configured.
2025-07-18 08:29:51 info: ✅ Middleware Morgan for HTTP request logging configured.
2025-07-18 08:29:51 info: ✅ Middleware Session and Passport have been configured.
2025-07-18 08:29:51 info: ✅ Router has been setup.
2025-07-18 08:29:51 info: ✅ Server is running on port 3000 (development environment)
2025-07-18 08:31:33 info: ✅ Kết nối PostgreSQL với Sequelize thành công.
2025-07-18 08:31:33 info: ✅ Kết nối cơ sở dữ liệu thành công.
2025-07-18 08:31:33 info: ✅ Cấu hình Passport đã được tải.
2025-07-18 08:31:33 info: ✅ Passport has been configured.
2025-07-18 08:31:33 info: ✅ Middleware Morgan for HTTP request logging configured.
2025-07-18 08:31:33 info: ✅ Middleware Session and Passport have been configured.
2025-07-18 08:31:33 info: ✅ Router has been setup.
2025-07-18 08:31:33 info: ✅ Server is running on port 3000 (development environment)
2025-07-18 08:32:08 info: ✅ Kết nối PostgreSQL với Sequelize thành công.
2025-07-18 08:32:08 info: ✅ Kết nối cơ sở dữ liệu thành công.
2025-07-18 08:32:08 info: ✅ Cấu hình Passport đã được tải.
2025-07-18 08:32:08 info: ✅ Passport has been configured.
2025-07-18 08:32:08 info: ✅ Middleware Morgan for HTTP request logging configured.
2025-07-18 08:32:08 info: ✅ Middleware Session and Passport have been configured.
2025-07-18 08:32:08 info: ✅ Router has been setup.
2025-07-18 08:32:08 info: ✅ Server is running on port 3000 (development environment)
2025-07-18 08:32:40 info: ✅ Kết nối PostgreSQL với Sequelize thành công.
2025-07-18 08:32:40 info: ✅ Kết nối cơ sở dữ liệu thành công.
2025-07-18 08:32:40 info: ✅ Cấu hình Passport đã được tải.
2025-07-18 08:32:40 info: ✅ Passport has been configured.
2025-07-18 08:32:40 info: ✅ Middleware Morgan for HTTP request logging configured.
2025-07-18 08:32:40 info: ✅ Middleware Session and Passport have been configured.
2025-07-18 08:32:40 info: ✅ Router has been setup.
2025-07-18 08:32:40 info: ✅ Server is running on port 3000 (development environment)
2025-07-18 08:32:46 info: ✅ Kết nối PostgreSQL với Sequelize thành công.
2025-07-18 08:32:46 info: ✅ Kết nối cơ sở dữ liệu thành công.
2025-07-18 08:32:46 info: ✅ Cấu hình Passport đã được tải.
2025-07-18 08:32:46 info: ✅ Passport has been configured.
2025-07-18 08:32:46 info: ✅ Middleware Morgan for HTTP request logging configured.
2025-07-18 08:32:46 info: ✅ Middleware Session and Passport have been configured.
2025-07-18 08:32:46 info: ✅ Router has been setup.
2025-07-18 08:32:46 info: ✅ Server is running on port 3000 (development environment)
2025-07-18 08:32:49 info: ✅ Kết nối PostgreSQL với Sequelize thành công.
2025-07-18 08:32:49 info: ✅ Kết nối cơ sở dữ liệu thành công.
2025-07-18 08:32:49 info: ✅ Cấu hình Passport đã được tải.
2025-07-18 08:32:49 info: ✅ Passport has been configured.
2025-07-18 08:32:49 info: ✅ Middleware Morgan for HTTP request logging configured.
2025-07-18 08:32:49 info: ✅ Middleware Session and Passport have been configured.
2025-07-18 08:32:49 info: ✅ Router has been setup.
2025-07-18 08:32:49 info: ✅ Server is running on port 3000 (development environment)
2025-07-18 08:32:52 info: ✅ Kết nối PostgreSQL với Sequelize thành công.
2025-07-18 08:32:52 info: ✅ Kết nối cơ sở dữ liệu thành công.
2025-07-18 08:32:52 info: ✅ Cấu hình Passport đã được tải.
2025-07-18 08:32:52 info: ✅ Passport has been configured.
2025-07-18 08:32:52 info: ✅ Middleware Morgan for HTTP request logging configured.
2025-07-18 08:32:52 info: ✅ Middleware Session and Passport have been configured.
2025-07-18 08:32:52 info: ✅ Router has been setup.
2025-07-18 08:32:52 info: ✅ Server is running on port 3000 (development environment)
2025-07-18 08:33:02 info: ✅ Kết nối PostgreSQL với Sequelize thành công.
2025-07-18 08:33:02 info: ✅ Kết nối cơ sở dữ liệu thành công.
2025-07-18 08:33:02 info: ✅ Cấu hình Passport đã được tải.
2025-07-18 08:33:02 info: ✅ Passport has been configured.
2025-07-18 08:33:02 info: ✅ Middleware Morgan for HTTP request logging configured.
2025-07-18 08:33:02 info: ✅ Middleware Session and Passport have been configured.
2025-07-18 08:33:02 info: ✅ Router has been setup.
2025-07-18 08:33:02 info: ✅ Server is running on port 3000 (development environment)
2025-07-18 08:33:13 info: ✅ Kết nối PostgreSQL với Sequelize thành công.
2025-07-18 08:33:13 info: ✅ Kết nối cơ sở dữ liệu thành công.
2025-07-18 08:33:13 info: ✅ Cấu hình Passport đã được tải.
2025-07-18 08:33:13 info: ✅ Passport has been configured.
2025-07-18 08:33:13 info: ✅ Middleware Morgan for HTTP request logging configured.
2025-07-18 08:33:13 info: ✅ Middleware Session and Passport have been configured.
2025-07-18 08:33:13 info: ✅ Router has been setup.
2025-07-18 08:33:13 info: ✅ Server is running on port 3000 (development environment)
2025-07-18 08:33:20 info: ✅ Kết nối PostgreSQL với Sequelize thành công.
2025-07-18 08:33:20 info: ✅ Kết nối cơ sở dữ liệu thành công.
2025-07-18 08:33:20 info: ✅ Cấu hình Passport đã được tải.
2025-07-18 08:33:20 info: ✅ Passport has been configured.
2025-07-18 08:33:20 info: ✅ Middleware Morgan for HTTP request logging configured.
2025-07-18 08:33:20 info: ✅ Middleware Session and Passport have been configured.
2025-07-18 08:33:20 info: ✅ Router has been setup.
2025-07-18 08:33:20 info: ✅ Server is running on port 3000 (development environment)
2025-07-18 08:33:23 info: ✅ Kết nối PostgreSQL với Sequelize thành công.
2025-07-18 08:33:23 info: ✅ Kết nối cơ sở dữ liệu thành công.
2025-07-18 08:33:23 info: ✅ Cấu hình Passport đã được tải.
2025-07-18 08:33:23 info: ✅ Passport has been configured.
2025-07-18 08:33:23 info: ✅ Middleware Morgan for HTTP request logging configured.
2025-07-18 08:33:23 info: ✅ Middleware Session and Passport have been configured.
2025-07-18 08:33:23 info: ✅ Router has been setup.
2025-07-18 08:33:23 info: ✅ Server is running on port 3000 (development environment)
2025-07-18 08:37:44 info: ✅ Kết nối PostgreSQL với Sequelize thành công.
2025-07-18 08:37:44 info: ✅ Kết nối cơ sở dữ liệu thành công.
2025-07-18 08:37:44 info: ✅ Cấu hình Passport đã được tải.
2025-07-18 08:37:44 info: ✅ Passport has been configured.
2025-07-18 08:37:44 info: ✅ Middleware Morgan for HTTP request logging configured.
2025-07-18 08:37:44 info: ✅ Middleware Session and Passport have been configured.
2025-07-18 08:37:44 info: ✅ Router has been setup.
2025-07-18 08:37:44 info: ✅ Server is running on port 3000 (development environment)
2025-07-18 08:37:47 info: ✅ Kết nối PostgreSQL với Sequelize thành công.
2025-07-18 08:37:47 info: ✅ Kết nối cơ sở dữ liệu thành công.
2025-07-18 08:37:47 info: ✅ Cấu hình Passport đã được tải.
2025-07-18 08:37:47 info: ✅ Passport has been configured.
2025-07-18 08:37:47 info: ✅ Middleware Morgan for HTTP request logging configured.
2025-07-18 08:37:47 info: ✅ Middleware Session and Passport have been configured.
2025-07-18 08:37:47 info: ✅ Router has been setup.
2025-07-18 08:37:47 info: ✅ Server is running on port 3000 (development environment)
2025-07-18 08:41:14 info: ✅ Kết nối PostgreSQL với Sequelize thành công.
2025-07-18 08:41:14 info: ✅ Kết nối cơ sở dữ liệu thành công.
2025-07-18 08:41:14 info: ✅ Cấu hình Passport đã được tải.
2025-07-18 08:41:14 info: ✅ Passport has been configured.
2025-07-18 08:41:14 info: ✅ Middleware Morgan for HTTP request logging configured.
2025-07-18 08:41:14 info: ✅ Middleware Session and Passport have been configured.
2025-07-18 08:41:14 info: ✅ Router has been setup.
2025-07-18 08:41:14 info: ✅ Server is running on port 3000 (development environment)
2025-07-18 08:41:24 info: ✅ Kết nối PostgreSQL với Sequelize thành công.
2025-07-18 08:41:24 info: ✅ Kết nối cơ sở dữ liệu thành công.
2025-07-18 08:41:24 info: ✅ Cấu hình Passport đã được tải.
2025-07-18 08:41:24 info: ✅ Passport has been configured.
2025-07-18 08:41:24 info: ✅ Middleware Morgan for HTTP request logging configured.
2025-07-18 08:41:24 info: ✅ Middleware Session and Passport have been configured.
2025-07-18 08:41:24 info: ✅ Router has been setup.
2025-07-18 08:41:24 info: ✅ Server is running on port 3000 (development environment)
2025-07-18 08:41:27 info: ✅ Kết nối PostgreSQL với Sequelize thành công.
2025-07-18 08:41:27 info: ✅ Kết nối cơ sở dữ liệu thành công.
2025-07-18 08:41:27 info: ✅ Cấu hình Passport đã được tải.
2025-07-18 08:41:27 info: ✅ Passport has been configured.
2025-07-18 08:41:27 info: ✅ Middleware Morgan for HTTP request logging configured.
2025-07-18 08:41:27 info: ✅ Middleware Session and Passport have been configured.
2025-07-18 08:41:27 info: ✅ Router has been setup.
2025-07-18 08:41:27 info: ✅ Server is running on port 3000 (development environment)
2025-07-18 08:41:35 info: ✅ Kết nối PostgreSQL với Sequelize thành công.
2025-07-18 08:41:35 info: ✅ Kết nối cơ sở dữ liệu thành công.
2025-07-18 08:41:35 info: ✅ Cấu hình Passport đã được tải.
2025-07-18 08:41:35 info: ✅ Passport has been configured.
2025-07-18 08:41:35 info: ✅ Middleware Morgan for HTTP request logging configured.
2025-07-18 08:41:35 info: ✅ Middleware Session and Passport have been configured.
2025-07-18 08:41:35 info: ✅ Router has been setup.
2025-07-18 08:41:35 info: ✅ Server is running on port 3000 (development environment)
2025-07-18 08:41:38 info: ✅ Kết nối PostgreSQL với Sequelize thành công.
2025-07-18 08:41:38 info: ✅ Kết nối cơ sở dữ liệu thành công.
2025-07-18 08:41:38 info: ✅ Cấu hình Passport đã được tải.
2025-07-18 08:41:38 info: ✅ Passport has been configured.
2025-07-18 08:41:38 info: ✅ Middleware Morgan for HTTP request logging configured.
2025-07-18 08:41:38 info: ✅ Middleware Session and Passport have been configured.
2025-07-18 08:41:38 info: ✅ Router has been setup.
2025-07-18 08:41:38 info: ✅ Server is running on port 3000 (development environment)
2025-07-18 08:41:47 info: ✅ Kết nối PostgreSQL với Sequelize thành công.
2025-07-18 08:41:47 info: ✅ Kết nối cơ sở dữ liệu thành công.
2025-07-18 08:41:47 info: ✅ Cấu hình Passport đã được tải.
2025-07-18 08:41:47 info: ✅ Passport has been configured.
2025-07-18 08:41:47 info: ✅ Middleware Morgan for HTTP request logging configured.
2025-07-18 08:41:47 info: ✅ Middleware Session and Passport have been configured.
2025-07-18 08:41:47 info: ✅ Router has been setup.
2025-07-18 08:41:47 info: ✅ Server is running on port 3000 (development environment)
2025-07-18 08:41:52 info: ✅ Kết nối PostgreSQL với Sequelize thành công.
2025-07-18 08:41:52 info: ✅ Kết nối cơ sở dữ liệu thành công.
2025-07-18 08:41:52 info: ✅ Cấu hình Passport đã được tải.
2025-07-18 08:41:52 info: ✅ Passport has been configured.
2025-07-18 08:41:52 info: ✅ Middleware Morgan for HTTP request logging configured.
2025-07-18 08:41:52 info: ✅ Middleware Session and Passport have been configured.
2025-07-18 08:41:52 info: ✅ Router has been setup.
2025-07-18 08:41:52 info: ✅ Server is running on port 3000 (development environment)
2025-07-18 08:42:25 info: ✅ Kết nối PostgreSQL với Sequelize thành công.
2025-07-18 08:42:25 info: ✅ Kết nối cơ sở dữ liệu thành công.
2025-07-18 08:42:25 info: ✅ Cấu hình Passport đã được tải.
2025-07-18 08:42:25 info: ✅ Passport has been configured.
2025-07-18 08:42:25 info: ✅ Middleware Morgan for HTTP request logging configured.
2025-07-18 08:42:25 info: ✅ Middleware Session and Passport have been configured.
2025-07-18 08:42:25 info: ✅ Router has been setup.
2025-07-18 08:42:25 info: ✅ Server is running on port 3000 (development environment)
2025-07-18 08:42:50 info: ✅ Kết nối PostgreSQL với Sequelize thành công.
2025-07-18 08:42:50 info: ✅ Kết nối cơ sở dữ liệu thành công.
2025-07-18 08:42:50 info: ✅ Cấu hình Passport đã được tải.
2025-07-18 08:42:50 info: ✅ Passport has been configured.
2025-07-18 08:42:50 info: ✅ Middleware Morgan for HTTP request logging configured.
2025-07-18 08:42:50 info: ✅ Middleware Session and Passport have been configured.
2025-07-18 08:42:50 info: ✅ Router has been setup.
2025-07-18 08:42:50 info: ✅ Server is running on port 3000 (development environment)
2025-07-18 08:43:00 info: ✅ Kết nối PostgreSQL với Sequelize thành công.
2025-07-18 08:43:00 info: ✅ Kết nối cơ sở dữ liệu thành công.
2025-07-18 08:43:00 info: ✅ Cấu hình Passport đã được tải.
2025-07-18 08:43:00 info: ✅ Passport has been configured.
2025-07-18 08:43:00 info: ✅ Middleware Morgan for HTTP request logging configured.
2025-07-18 08:43:00 info: ✅ Middleware Session and Passport have been configured.
2025-07-18 08:43:00 info: ✅ Router has been setup.
2025-07-18 08:43:00 info: ✅ Server is running on port 3000 (development environment)
2025-07-18 08:43:05 info: ✅ Kết nối PostgreSQL với Sequelize thành công.
2025-07-18 08:43:05 info: ✅ Kết nối cơ sở dữ liệu thành công.
2025-07-18 08:43:05 info: ✅ Cấu hình Passport đã được tải.
2025-07-18 08:43:05 info: ✅ Passport has been configured.
2025-07-18 08:43:05 info: ✅ Middleware Morgan for HTTP request logging configured.
2025-07-18 08:43:05 info: ✅ Middleware Session and Passport have been configured.
2025-07-18 08:43:05 info: ✅ Router has been setup.
2025-07-18 08:43:05 info: ✅ Server is running on port 3000 (development environment)
2025-07-18 08:43:14 info: ✅ Kết nối PostgreSQL với Sequelize thành công.
2025-07-18 08:43:14 info: ✅ Kết nối cơ sở dữ liệu thành công.
2025-07-18 08:43:14 info: ✅ Cấu hình Passport đã được tải.
2025-07-18 08:43:14 info: ✅ Passport has been configured.
2025-07-18 08:43:14 info: ✅ Middleware Morgan for HTTP request logging configured.
2025-07-18 08:43:14 info: ✅ Middleware Session and Passport have been configured.
2025-07-18 08:43:14 info: ✅ Router has been setup.
2025-07-18 08:43:14 info: ✅ Server is running on port 3000 (development environment)
2025-07-18 09:00:08 info: ::1 - - [18/Jul/2025:02:00:08 +0000] "GET /auth/google?role=trainingofficer HTTP/1.1" 500 5660 "http://localhost:5000/" "Mozilla/5.0 (Windows NT 10.0; Win64; x64) AppleWebKit/537.36 (KHTML, like Gecko) Chrome/138.0.0.0 Safari/537.36"
2025-07-18 09:00:08 info: ::1 - - [18/Jul/2025:02:00:08 +0000] "GET /.well-known/appspecific/com.chrome.devtools.json HTTP/1.1" 404 187 "-" "Mozilla/5.0 (Windows NT 10.0; Win64; x64) AppleWebKit/537.36 (KHTML, like Gecko) Chrome/138.0.0.0 Safari/537.36"
2025-07-18 09:01:34 info: ::1 - - [18/Jul/2025:02:01:34 +0000] "GET /auth/google?role=student HTTP/1.1" 500 5660 "http://localhost:5000/" "Mozilla/5.0 (Windows NT 10.0; Win64; x64) AppleWebKit/537.36 (KHTML, like Gecko) Chrome/138.0.0.0 Safari/537.36"
2025-07-18 09:01:34 info: ::1 - - [18/Jul/2025:02:01:34 +0000] "GET /.well-known/appspecific/com.chrome.devtools.json HTTP/1.1" 404 187 "-" "Mozilla/5.0 (Windows NT 10.0; Win64; x64) AppleWebKit/537.36 (KHTML, like Gecko) Chrome/138.0.0.0 Safari/537.36"
2025-07-18 09:01:49 info: ✅ Kết nối PostgreSQL với Sequelize thành công.
2025-07-18 09:01:49 info: ✅ Kết nối cơ sở dữ liệu thành công.
2025-07-18 09:01:49 info: ✅ Cấu hình Passport đã được tải.
2025-07-18 09:01:49 info: ✅ Passport has been configured.
2025-07-18 09:01:49 info: ✅ Middleware Morgan for HTTP request logging configured.
2025-07-18 09:01:49 info: ✅ Middleware Session and Passport have been configured.
2025-07-18 09:01:49 info: ✅ Router has been setup.
2025-07-18 09:01:49 info: ✅ Server is running on port 3000 (development environment)
2025-07-18 09:02:20 info: ✅ Kết nối PostgreSQL với Sequelize thành công.
2025-07-18 09:02:20 info: ✅ Kết nối cơ sở dữ liệu thành công.
2025-07-18 09:02:20 info: ✅ Cấu hình Passport đã được tải.
2025-07-18 09:02:20 info: ✅ Passport has been configured.
2025-07-18 09:02:20 info: ✅ Middleware Morgan for HTTP request logging configured.
2025-07-18 09:02:20 info: ✅ Middleware Session and Passport have been configured.
2025-07-18 09:02:20 info: ✅ Router has been setup.
2025-07-18 09:02:20 info: ✅ Server is running on port 3000 (development environment)
2025-07-18 09:04:39 info: ::1 - - [18/Jul/2025:02:04:39 +0000] "GET /auth/google?role=student HTTP/1.1" 302 0 "http://localhost:5000/" "Mozilla/5.0 (Windows NT 10.0; Win64; x64) AppleWebKit/537.36 (KHTML, like Gecko) Chrome/138.0.0.0 Safari/537.36"
2025-07-18 09:04:40 warn: undefined
2025-07-18 09:04:40 info: Đăng nhập Google thành công cho user: nguyenletandat.contact@gmail.com (ID: 7fe2f8ff-3870-4e81-96e5-320d86da4656)
2025-07-18 09:04:40 info: ::1 - - [18/Jul/2025:02:04:40 +0000] "GET /auth/google/callback?code=4%2F0AVMBsJjFXnUSVDmXU3X4HTUSKn45vQdx_cxoYQtztTcQiCTo5dIlqA8cXsIYyN5H2t0akA&scope=email+profile+https%3A%2F%2Fwww.googleapis.com%2Fauth%2Fuserinfo.email+https%3A%2F%2Fwww.googleapis.com%2Fauth%2Fuserinfo.profile+openid&authuser=0&prompt=none HTTP/1.1" 302 64 "http://localhost:5000/" "Mozilla/5.0 (Windows NT 10.0; Win64; x64) AppleWebKit/537.36 (KHTML, like Gecko) Chrome/138.0.0.0 Safari/537.36"
2025-07-18 09:04:43 info: -----------------------------------------------------
2025-07-18 09:04:43 info: eyJhbGciOiJIUzI1NiIsInR5cCI6IkpXVCJ9.eyJpZCI6IjdmZTJmOGZmLTM4NzAtNGU4MS05NmU1LTMyMGQ4NmRhNDY1NiIsInJvbGUiOiJhZG1pbiIsImlhdCI6MTc1MjgwNDI4MCwiZXhwIjoxNzUyODA1MTgwfQ.arGf93AIGt3qPjDL3W5hvxJDWrjPMlhHt3ksKOpQ3Ms
2025-07-18 09:04:43 info: -----------------------------------------------------
2025-07-18 09:04:43 info: -----------------------------------------------------
2025-07-18 09:04:43 info: Người dùng đã xác thực: ID=undefined, Vai trò=undefined
2025-07-18 09:04:43 info: -----------------------------------------------------
2025-07-18 09:04:43 info: ::1 - - [18/Jul/2025:02:04:43 +0000] "GET /auth/current-user HTTP/1.1" 304 - "http://localhost:5000/" "Mozilla/5.0 (Windows NT 10.0; Win64; x64) AppleWebKit/537.36 (KHTML, like Gecko) Chrome/138.0.0.0 Safari/537.36"
2025-07-18 09:04:43 info: -----------------------------------------------------
2025-07-18 09:04:43 info: eyJhbGciOiJIUzI1NiIsInR5cCI6IkpXVCJ9.eyJpZCI6IjdmZTJmOGZmLTM4NzAtNGU4MS05NmU1LTMyMGQ4NmRhNDY1NiIsInJvbGUiOiJhZG1pbiIsImlhdCI6MTc1MjgwNDI4MCwiZXhwIjoxNzUyODA1MTgwfQ.arGf93AIGt3qPjDL3W5hvxJDWrjPMlhHt3ksKOpQ3Ms
2025-07-18 09:04:43 info: -----------------------------------------------------
2025-07-18 09:04:43 info: -----------------------------------------------------
2025-07-18 09:04:43 info: Người dùng đã xác thực: ID=undefined, Vai trò=undefined
2025-07-18 09:04:43 info: -----------------------------------------------------
2025-07-18 09:04:43 info: ::1 - - [18/Jul/2025:02:04:43 +0000] "GET /auth/current-user HTTP/1.1" 304 - "http://localhost:5000/" "Mozilla/5.0 (Windows NT 10.0; Win64; x64) AppleWebKit/537.36 (KHTML, like Gecko) Chrome/138.0.0.0 Safari/537.36"
