2025-07-08 15:17:41 info: ✅ PostgreSQL successfully connected to Sequelize.
2025-07-08 15:17:41 info: ✅ Database connection successfully.
2025-07-08 15:17:41 info: ✅ Passport configuration function loaded.
2025-07-08 15:17:41 info: ✅ Passport has been configured.
2025-07-08 15:17:41 info: ✅ Middleware Morgan for HTTP request logging configured.
2025-07-08 15:17:41 info: ✅ Middleware Session and Passport have been configured.
2025-07-08 15:17:41 info: ✅ Router has been setup.
2025-07-08 15:17:41 info: ✅ Server is running on port 3000 (development environment)
2025-07-08 15:36:00 info: ✅ PostgreSQL successfully connected to Sequelize.
2025-07-08 15:36:00 info: ✅ Database connection successfully.
2025-07-08 15:36:00 error: ❌ Database connection or synchronization error:
2025-07-08 15:36:40 info: ✅ PostgreSQL successfully connected to Sequelize.
2025-07-08 15:36:40 info: ✅ Database connection successfully.
2025-07-08 15:36:41 error: ❌ Database connection or synchronization error:
2025-07-08 15:37:15 info: ✅ PostgreSQL successfully connected to Sequelize.
2025-07-08 15:37:15 info: ✅ Database connection successfully.
2025-07-08 15:37:16 error: ❌ Database connection or synchronization error:
2025-07-08 15:37:38 info: ✅ PostgreSQL successfully connected to Sequelize.
2025-07-08 15:37:38 info: ✅ Database connection successfully.
2025-07-08 15:37:38 error: ❌ Database connection or synchronization error:
2025-07-08 15:37:52 info: ✅ PostgreSQL successfully connected to Sequelize.
2025-07-08 15:37:52 info: ✅ Database connection successfully.
2025-07-08 15:37:52 error: ❌ Database connection or synchronization error:
2025-07-08 15:38:35 info: ✅ PostgreSQL successfully connected to Sequelize.
2025-07-08 15:38:35 info: ✅ Database connection successfully.
2025-07-08 15:38:35 info: ✅ Passport configuration function loaded.
2025-07-08 15:38:35 info: ✅ Passport has been configured.
2025-07-08 15:38:35 info: ✅ Middleware Morgan for HTTP request logging configured.
2025-07-08 15:38:35 info: ✅ Middleware Session and Passport have been configured.
2025-07-08 15:38:35 info: ✅ Router has been setup.
2025-07-08 15:38:35 info: ✅ Server is running on port 3000 (development environment)
2025-07-08 15:39:26 info: ✅ PostgreSQL successfully connected to Sequelize.
2025-07-08 15:39:26 info: ✅ Database connection successfully.
2025-07-08 15:39:26 info: ✅ Passport configuration function loaded.
2025-07-08 15:39:26 info: ✅ Passport has been configured.
2025-07-08 15:39:26 info: ✅ Middleware Morgan for HTTP request logging configured.
2025-07-08 15:39:26 info: ✅ Middleware Session and Passport have been configured.
2025-07-08 15:39:26 info: ✅ Router has been setup.
2025-07-08 15:39:26 info: ✅ Server is running on port 3000 (development environment)
2025-07-08 15:39:35 info: ✅ PostgreSQL successfully connected to Sequelize.
2025-07-08 15:39:35 info: ✅ Database connection successfully.
2025-07-08 15:39:35 error: ❌ Database connection or synchronization error:
2025-07-08 15:39:56 info: ✅ PostgreSQL successfully connected to Sequelize.
2025-07-08 15:39:56 info: ✅ Database connection successfully.
2025-07-08 15:39:56 error: column "admission_year" cannot be cast automatically to type integer
2025-07-08 15:40:11 info: ✅ PostgreSQL successfully connected to Sequelize.
2025-07-08 15:40:11 info: ✅ Database connection successfully.
2025-07-08 15:40:12 error: column "admission_year" cannot be cast automatically to type integer
2025-07-08 15:40:20 info: ✅ PostgreSQL successfully connected to Sequelize.
2025-07-08 15:40:20 info: ✅ Database connection successfully.
2025-07-08 15:40:20 error: column "admission_year" cannot be cast automatically to type integer
2025-07-08 15:41:12 info: ✅ PostgreSQL successfully connected to Sequelize.
2025-07-08 15:41:12 info: ✅ Database connection successfully.
2025-07-08 15:41:13 error: column "admission_year" cannot be cast automatically to type integer
2025-07-08 15:41:50 info: ✅ PostgreSQL successfully connected to Sequelize.
2025-07-08 15:41:50 info: ✅ Database connection successfully.
2025-07-08 15:41:50 error: column "admission_year" cannot be cast automatically to type integer
2025-07-08 15:43:25 info: ✅ PostgreSQL successfully connected to Sequelize.
2025-07-08 15:43:25 info: ✅ Database connection successfully.
2025-07-08 15:43:26 error: column "admission_year" cannot be cast automatically to type integer
2025-07-08 15:43:41 info: ✅ PostgreSQL successfully connected to Sequelize.
2025-07-08 15:43:41 info: ✅ Database connection successfully.
2025-07-08 15:43:41 error: column "admission_year" cannot be cast automatically to type integer
2025-07-08 15:45:19 info: ✅ PostgreSQL successfully connected to Sequelize.
2025-07-08 15:45:19 info: ✅ Database connection successfully.
2025-07-08 15:45:19 info: ✅ Database schema synchronized (Development Mode).
2025-07-08 15:45:19 info: ✅ Passport configuration function loaded.
2025-07-08 15:45:19 info: ✅ Passport has been configured.
2025-07-08 15:45:19 info: ✅ Middleware Morgan for HTTP request logging configured.
2025-07-08 15:45:19 info: ✅ Middleware Session and Passport have been configured.
2025-07-08 15:45:19 info: ✅ Router has been setup.
2025-07-08 15:45:19 info: ✅ Server is running on port 3000 (development environment)
2025-07-08 15:45:28 info: ✅ PostgreSQL successfully connected to Sequelize.
2025-07-08 15:45:28 info: ✅ Database connection successfully.
2025-07-08 15:45:28 info: ✅ Database schema synchronized (Development Mode).
2025-07-08 15:45:28 info: ✅ Passport configuration function loaded.
2025-07-08 15:45:28 info: ✅ Passport has been configured.
2025-07-08 15:45:28 info: ✅ Middleware Morgan for HTTP request logging configured.
2025-07-08 15:45:28 info: ✅ Middleware Session and Passport have been configured.
2025-07-08 15:45:28 info: ✅ Router has been setup.
2025-07-08 15:45:28 info: ✅ Server is running on port 3000 (development environment)
