2025-07-13 22:49:59 info: ✅ Kết nối PostgreSQL với Sequelize thành công.
2025-07-13 22:49:59 info: ✅ Kết nối cơ sở dữ liệu thành công.
2025-07-13 22:49:59 info: ✅ Cấu hình Passport đã được tải.
2025-07-13 22:49:59 info: ✅ Passport has been configured.
2025-07-13 22:49:59 info: ✅ Middleware Morgan for HTTP request logging configured.
2025-07-13 22:49:59 info: ✅ Middleware Session and Passport have been configured.
2025-07-13 22:49:59 info: ✅ Router has been setup.
2025-07-13 22:49:59 info: ✅ Server is running on port 3000 (development environment)
2025-07-13 22:50:50 info: ✅ Kết nối PostgreSQL với Sequelize thành công.
2025-07-13 22:50:50 info: ✅ Kết nối cơ sở dữ liệu thành công.
2025-07-13 22:50:50 info: ✅ Cấu hình Passport đã được tải.
2025-07-13 22:50:50 info: ✅ Passport has been configured.
2025-07-13 22:50:50 info: ✅ Middleware Morgan for HTTP request logging configured.
2025-07-13 22:50:50 info: ✅ Middleware Session and Passport have been configured.
2025-07-13 22:50:50 info: ✅ Router has been setup.
2025-07-13 22:50:50 info: ✅ Server is running on port 3000 (development environment)
2025-07-13 22:53:29 info: ✅ Kết nối PostgreSQL với Sequelize thành công.
2025-07-13 22:53:29 info: ✅ Kết nối cơ sở dữ liệu thành công.
2025-07-13 22:53:29 info: ✅ Cấu hình Passport đã được tải.
2025-07-13 22:53:29 info: ✅ Passport has been configured.
2025-07-13 22:53:29 info: ✅ Middleware Morgan for HTTP request logging configured.
2025-07-13 22:53:29 info: ✅ Middleware Session and Passport have been configured.
2025-07-13 22:53:29 info: ✅ Router has been setup.
2025-07-13 22:53:29 info: ✅ Server is running on port 3000 (development environment)
2025-07-13 22:54:44 info: ✅ Kết nối PostgreSQL với Sequelize thành công.
2025-07-13 22:54:44 info: ✅ Kết nối cơ sở dữ liệu thành công.
2025-07-13 22:54:44 info: ✅ Cấu hình Passport đã được tải.
2025-07-13 22:54:44 info: ✅ Passport has been configured.
2025-07-13 22:54:44 info: ✅ Middleware Morgan for HTTP request logging configured.
2025-07-13 22:54:44 info: ✅ Middleware Session and Passport have been configured.
2025-07-13 22:54:44 info: ✅ Router has been setup.
2025-07-13 22:54:44 info: ✅ Server is running on port 3000 (development environment)
2025-07-13 22:54:44 info: ::ffff:127.0.0.1 - - [13/Jul/2025:15:54:44 +0000] "GET /auth/current-user HTTP/1.1" 401 97 "http://localhost:5000/" "Mozilla/5.0 (Windows NT 10.0; Win64; x64) AppleWebKit/537.36 (KHTML, like Gecko) Chrome/138.0.0.0 Safari/537.36"
2025-07-13 22:54:44 info: ::1 - - [13/Jul/2025:15:54:44 +0000] "OPTIONS /auth/logout HTTP/1.1" 204 0 "http://localhost:5000/" "Mozilla/5.0 (Windows NT 10.0; Win64; x64) AppleWebKit/537.36 (KHTML, like Gecko) Chrome/138.0.0.0 Safari/537.36"
2025-07-13 22:54:44 info: ::ffff:127.0.0.1 - - [13/Jul/2025:15:54:44 +0000] "POST /auth/logout HTTP/1.1" 401 97 "http://localhost:5000/" "Mozilla/5.0 (Windows NT 10.0; Win64; x64) AppleWebKit/537.36 (KHTML, like Gecko) Chrome/138.0.0.0 Safari/537.36"
2025-07-13 23:14:43 error: ❌ Lỗi kết nối hoặc đồng bộ hóa cơ sở dữ liệu: database "cusc_db" does not exist
2025-07-13 23:14:51 error: ❌ Lỗi kết nối hoặc đồng bộ hóa cơ sở dữ liệu: database "cusc_db" does not exist
2025-07-13 23:15:55 error: ❌ Lỗi kết nối hoặc đồng bộ hóa cơ sở dữ liệu: database "cusc_db" does not exist
2025-07-13 23:16:26 error: ❌ Lỗi kết nối hoặc đồng bộ hóa cơ sở dữ liệu: database "cusc_db" does not exist
2025-07-13 23:16:47 error: ❌ Lỗi kết nối hoặc đồng bộ hóa cơ sở dữ liệu: database "cusc_db" does not exist
2025-07-13 23:17:03 error: ❌ Lỗi kết nối hoặc đồng bộ hóa cơ sở dữ liệu: database "cusc_db" does not exist
2025-07-13 23:17:07 error: ❌ Lỗi kết nối hoặc đồng bộ hóa cơ sở dữ liệu: database "cusc_db" does not exist
2025-07-13 23:17:14 error: ❌ Lỗi kết nối hoặc đồng bộ hóa cơ sở dữ liệu: database "cusc_db" does not exist
2025-07-13 23:17:20 error: ❌ Lỗi kết nối hoặc đồng bộ hóa cơ sở dữ liệu: database "cusc_db" does not exist
2025-07-13 23:17:24 error: ❌ Lỗi kết nối hoặc đồng bộ hóa cơ sở dữ liệu: database "cusc_db" does not exist
2025-07-13 23:17:26 error: ❌ Lỗi kết nối hoặc đồng bộ hóa cơ sở dữ liệu: database "cusc_db" does not exist
2025-07-13 23:17:28 error: ❌ Lỗi kết nối hoặc đồng bộ hóa cơ sở dữ liệu: database "cusc_db" does not exist
2025-07-13 23:17:46 error: ❌ Lỗi kết nối hoặc đồng bộ hóa cơ sở dữ liệu: database "cusc_db" does not exist
2025-07-13 23:17:56 error: ❌ Lỗi kết nối hoặc đồng bộ hóa cơ sở dữ liệu: database "cusc_db" does not exist
2025-07-13 23:18:14 error: ❌ Lỗi kết nối hoặc đồng bộ hóa cơ sở dữ liệu: database "cusc_db" does not exist
2025-07-13 23:18:20 error: ❌ Lỗi kết nối hoặc đồng bộ hóa cơ sở dữ liệu: database "cusc_db" does not exist
2025-07-13 23:18:32 error: ❌ Lỗi kết nối hoặc đồng bộ hóa cơ sở dữ liệu: database "cusc_db" does not exist
2025-07-13 23:18:36 error: ❌ Lỗi kết nối hoặc đồng bộ hóa cơ sở dữ liệu: database "cusc_db" does not exist
2025-07-13 23:18:42 error: ❌ Lỗi kết nối hoặc đồng bộ hóa cơ sở dữ liệu: database "cusc_db" does not exist
2025-07-13 23:18:44 error: ❌ Lỗi kết nối hoặc đồng bộ hóa cơ sở dữ liệu: database "cusc_db" does not exist
2025-07-13 23:18:57 error: ❌ Lỗi kết nối hoặc đồng bộ hóa cơ sở dữ liệu: database "cusc_db" does not exist
2025-07-13 23:19:03 error: ❌ Lỗi kết nối hoặc đồng bộ hóa cơ sở dữ liệu: database "cusc_db" does not exist
2025-07-13 23:19:16 error: ❌ Lỗi kết nối hoặc đồng bộ hóa cơ sở dữ liệu: database "cusc_db" does not exist
2025-07-13 23:19:20 error: ❌ Lỗi kết nối hoặc đồng bộ hóa cơ sở dữ liệu: database "cusc_db" does not exist
2025-07-13 23:19:22 error: ❌ Lỗi kết nối hoặc đồng bộ hóa cơ sở dữ liệu: database "cusc_db" does not exist
2025-07-13 23:19:25 error: ❌ Lỗi kết nối hoặc đồng bộ hóa cơ sở dữ liệu: database "cusc_db" does not exist
2025-07-13 23:19:41 error: ❌ Lỗi kết nối hoặc đồng bộ hóa cơ sở dữ liệu: database "cusc_db" does not exist
2025-07-13 23:19:53 error: ❌ Lỗi kết nối hoặc đồng bộ hóa cơ sở dữ liệu: database "cusc_db" does not exist
2025-07-13 23:20:07 error: ❌ Lỗi kết nối hoặc đồng bộ hóa cơ sở dữ liệu: database "cusc_db" does not exist
