2025-07-08 21:54:05 error: uncaughtException: argument handler must be a function
TypeError: argument handler must be a function
    at Route.<computed> [as get] (C:\Users\ngltd\REPO\cusc-schedule\be\node_modules\router\lib\route.js:228:15)
    at Function.get (C:\Users\ngltd\REPO\cusc-schedule\be\node_modules\router\index.js:448:19)
    at Object.<anonymous> (C:\Users\ngltd\REPO\cusc-schedule\be\src\routes\/subjectRoutes.js:101:15)
    at Module._compile (node:internal/modules/cjs/loader:1554:14)
    at Module._compile (C:\Users\ngltd\REPO\cusc-schedule\be\node_modules\pirates\lib\index.js:129:24)
    at node:internal/modules/cjs/loader:1706:10
    at Object.newLoader [as .js] (C:\Users\ngltd\REPO\cusc-schedule\be\node_modules\pirates\lib\index.js:134:7)
    at Module.load (node:internal/modules/cjs/loader:1289:32)
    at Function._load (node:internal/modules/cjs/loader:1108:12)
    at TracingChannel.traceSync (node:diagnostics_channel:322:14)
    at wrapModuleLoad (node:internal/modules/cjs/loader:220:24)
    at Module.require (node:internal/modules/cjs/loader:1311:12)
    at require (node:internal/modules/helpers:136:16)
    at Object.<anonymous> (C:\Users\ngltd\REPO\cusc-schedule\be\src\routes\/router.js:9:1)
    at Module._compile (node:internal/modules/cjs/loader:1554:14)
    at Module._compile (C:\Users\ngltd\REPO\cusc-schedule\be\node_modules\pirates\lib\index.js:129:24)
    at node:internal/modules/cjs/loader:1706:10
    at Object.newLoader [as .js] (C:\Users\ngltd\REPO\cusc-schedule\be\node_modules\pirates\lib\index.js:134:7)
    at Module.load (node:internal/modules/cjs/loader:1289:32)
    at Function._load (node:internal/modules/cjs/loader:1108:12)
    at TracingChannel.traceSync (node:diagnostics_channel:322:14)
    at wrapModuleLoad (node:internal/modules/cjs/loader:220:24)
    at Module.require (node:internal/modules/cjs/loader:1311:12)
    at require (node:internal/modules/helpers:136:16)
    at Object.<anonymous> (C:\Users\ngltd\REPO\cusc-schedule\be\src\/server.js:9:1)
    at Module._compile (node:internal/modules/cjs/loader:1554:14)
    at Module._compile (C:\Users\ngltd\REPO\cusc-schedule\be\node_modules\pirates\lib\index.js:129:24)
    at node:internal/modules/cjs/loader:1706:10
    at Object.newLoader [as .js] (C:\Users\ngltd\REPO\cusc-schedule\be\node_modules\pirates\lib\index.js:134:7)
    at Module.load (node:internal/modules/cjs/loader:1289:32)
    at Function._load (node:internal/modules/cjs/loader:1108:12)
    at TracingChannel.traceSync (node:diagnostics_channel:322:14)
    at wrapModuleLoad (node:internal/modules/cjs/loader:220:24)
    at Function.runMain (node:internal/modules/run_main:170:5)
    at Object.<anonymous> (C:\Users\ngltd\REPO\cusc-schedule\be\node_modules\@babel\node\src\_babel-node.ts:159:12)
    at Module._compile (node:internal/modules/cjs/loader:1554:14)
    at Object.<anonymous> (node:internal/modules/cjs/loader:1706:10)
    at Module.load (node:internal/modules/cjs/loader:1289:32)
    at Function._load (node:internal/modules/cjs/loader:1108:12)
    at TracingChannel.traceSync (node:diagnostics_channel:322:14)
    at wrapModuleLoad (node:internal/modules/cjs/loader:220:24)
    at Function.executeUserEntryPoint [as runMain] (node:internal/modules/run_main:170:5)
    at node:internal/main/run_main_module:36:49
